#
# There is insufficient memory for the Java Runtime Environment to continue.
# Native memory allocation (mmap) failed to map 65536 bytes for Failed to commit metaspace.
# Possible reasons:
#   The system is out of physical RAM or swap space
#   The process is running with CompressedOops enabled, and the Java Heap may be blocking the growth of the native heap
# Possible solutions:
#   Reduce memory load on the system
#   Increase physical memory or swap space
#   Check if swap backing store is full
#   Decrease Java heap size (-Xmx/-Xms)
#   Decrease number of Java threads
#   Decrease Java thread stack sizes (-Xss)
#   Set larger code cache with -XX:ReservedCodeCacheSize=
#   JVM is running with Zero Based Compressed Oops mode in which the Java heap is
#     placed in the first 32GB address space. The Java Heap base address is the
#     maximum limit for the native heap growth. Please use -XX:HeapBaseMinAddress
#     to set the Java Heap base and to place the Java Heap above 32GB virtual address.
# This output file may be truncated or incomplete.
#
#  Out of Memory Error (virtualSpaceNode.cpp:110), pid=1616, tid=19652
#
# JRE version: Java(TM) SE Runtime Environment (17.0.12+8) (build 17.0.12+8-LTS-286)
# Java VM: Java HotSpot(TM) 64-Bit Server VM (17.0.12+8-LTS-286, mixed mode, emulated-client, sharing, tiered, compressed oops, compressed class ptrs, g1 gc, windows-amd64)
# No core dump will be written. Minidumps are not enabled by default on client versions of Windows
#

---------------  S U M M A R Y ------------

Command Line: -XX:TieredStopAtLevel=1 -Dspring.output.ansi.enabled=always -Dcom.sun.management.jmxremote -Dspring.jmx.enabled=true -Dspring.liveBeansView.mbeanDomain -Dspring.application.admin.enabled=true -Dmanagement.endpoints.jmx.exposure.include=* -javaagent:C:\Program Files\JetBrains\IntelliJ IDEA 2025.2.3\lib\idea_rt.jar=58468 -Dfile.encoding=UTF-8 mx.ipn.escom.transactionservice.TransactionServiceApplication

Host: 11th Gen Intel(R) Core(TM) i7-1165G7 @ 2.80GHz, 4 cores, 15G,  Windows 11 , 64 bit Build 26100 (10.0.26100.6725)
Time: Tue Dec 30 23:01:21 2025 Central Standard Time (Mexico) elapsed time: 1.288473 seconds (0d 0h 0m 1s)

---------------  T H R E A D  ---------------

Current thread (0x0000014efe117470):  JavaThread "main" [_thread_in_vm, id=19652, stack(0x0000003e16600000,0x0000003e16700000)]

Stack: [0x0000003e16600000,0x0000003e16700000]
Native frames: (J=compiled Java code, j=interpreted, Vv=VM code, C=native code)
V  [jvm.dll+0x67a04a]
V  [jvm.dll+0x7da4ed]
V  [jvm.dll+0x7dbe33]
V  [jvm.dll+0x7dc4a3]
V  [jvm.dll+0x24508f]
V  [jvm.dll+0x7d60bb]
V  [jvm.dll+0x6206c6]
V  [jvm.dll+0x1bed07]
V  [jvm.dll+0x623022]
V  [jvm.dll+0x621086]
V  [jvm.dll+0x23936f]
V  [jvm.dll+0x62af35]
V  [jvm.dll+0x1e84b2]
V  [jvm.dll+0x1e89d5]
V  [jvm.dll+0x1e931b]
V  [jvm.dll+0x1dea41]
V  [jvm.dll+0x53f78c]
V  [jvm.dll+0x7553b8]
V  [jvm.dll+0x7554a4]
V  [jvm.dll+0x40d1af]
V  [jvm.dll+0x413c39]
C  [java.dll+0x17ec]

Java frames: (J=compiled Java code, j=interpreted, Vv=VM code)
j  java.lang.ClassLoader.defineClass1(Ljava/lang/ClassLoader;Ljava/lang/String;[BIILjava/security/ProtectionDomain;Ljava/lang/String;)Ljava/lang/Class;+0 java.base@17.0.12
j  java.lang.ClassLoader.defineClass(Ljava/lang/String;[BIILjava/security/ProtectionDomain;)Ljava/lang/Class;+27 java.base@17.0.12
j  java.security.SecureClassLoader.defineClass(Ljava/lang/String;[BIILjava/security/CodeSource;)Ljava/lang/Class;+12 java.base@17.0.12
j  jdk.internal.loader.BuiltinClassLoader.defineClass(Ljava/lang/String;Ljdk/internal/loader/Resource;)Ljava/lang/Class;+117 java.base@17.0.12
j  jdk.internal.loader.BuiltinClassLoader.findClassOnClassPathOrNull(Ljava/lang/String;)Ljava/lang/Class;+37 java.base@17.0.12
J 929 c1 jdk.internal.loader.BuiltinClassLoader.loadClassOrNull(Ljava/lang/String;Z)Ljava/lang/Class; java.base@17.0.12 (143 bytes) @ 0x0000014e87b5f884 [0x0000014e87b5f400+0x0000000000000484]
j  jdk.internal.loader.BuiltinClassLoader.loadClass(Ljava/lang/String;Z)Ljava/lang/Class;+3 java.base@17.0.12
j  jdk.internal.loader.ClassLoaders$AppClassLoader.loadClass(Ljava/lang/String;Z)Ljava/lang/Class;+36 java.base@17.0.12
j  java.lang.ClassLoader.loadClass(Ljava/lang/String;)Ljava/lang/Class;+3 java.base@17.0.12
v  ~StubRoutines::call_stub
j  ch.qos.logback.classic.spi.LogbackServiceProvider.initializeLoggerContext()V+28
j  ch.qos.logback.classic.spi.LogbackServiceProvider.initialize()V+21
j  org.slf4j.LoggerFactory.bind()V+37
j  org.slf4j.LoggerFactory.performInitialization()V+0
j  org.slf4j.LoggerFactory.getProvider()Lorg/slf4j/spi/SLF4JServiceProvider;+21
j  org.slf4j.LoggerFactory.getILoggerFactory()Lorg/slf4j/ILoggerFactory;+0
j  org.slf4j.LoggerFactory.getLogger(Ljava/lang/String;)Lorg/slf4j/Logger;+0
j  org.apache.commons.logging.LogAdapter$Slf4jAdapter.createLocationAwareLog(Ljava/lang/String;)Lorg/apache/commons/logging/Log;+1
j  org.apache.commons.logging.LogAdapter$$Lambda$95+0x0000014e960c7540.apply(Ljava/lang/Object;)Ljava/lang/Object;+4
j  org.apache.commons.logging.LogAdapter.createLog(Ljava/lang/String;)Lorg/apache/commons/logging/Log;+4
j  org.apache.commons.logging.LogFactory.getLog(Ljava/lang/String;)Lorg/apache/commons/logging/Log;+1
j  org.apache.commons.logging.LogFactory.getLog(Ljava/lang/Class;)Lorg/apache/commons/logging/Log;+4
j  org.springframework.boot.SpringApplication.<clinit>()V+2
v  ~StubRoutines::call_stub
j  mx.ipn.escom.transactionservice.TransactionServiceApplication.main([Ljava/lang/String;)V+3
v  ~StubRoutines::call_stub

---------------  P R O C E S S  ---------------

Threads class SMR info:
_java_thread_list=0x0000014eda2ecb20, length=15, elements={
0x0000014efe117470, 0x0000014effc55580, 0x0000014effc58cc0, 0x0000014effc67860,
0x0000014effc68220, 0x0000014effc68be0, 0x0000014effc695a0, 0x0000014effc69f60,
0x0000014e946f9370, 0x0000014e94736780, 0x0000014e947b51b0, 0x0000014e947b9af0,
0x0000014eda0d32a0, 0x0000014eda0d3780, 0x0000014eda21c930
}

Java Threads: ( => current thread )
=>0x0000014efe117470 JavaThread "main" [_thread_in_vm, id=19652, stack(0x0000003e16600000,0x0000003e16700000)]
  0x0000014effc55580 JavaThread "Reference Handler" daemon [_thread_blocked, id=16348, stack(0x0000003e16d00000,0x0000003e16e00000)]
  0x0000014effc58cc0 JavaThread "Finalizer" daemon [_thread_blocked, id=19736, stack(0x0000003e16e00000,0x0000003e16f00000)]
  0x0000014effc67860 JavaThread "Signal Dispatcher" daemon [_thread_blocked, id=21324, stack(0x0000003e16f00000,0x0000003e17000000)]
  0x0000014effc68220 JavaThread "Attach Listener" daemon [_thread_blocked, id=18684, stack(0x0000003e17000000,0x0000003e17100000)]
  0x0000014effc68be0 JavaThread "Service Thread" daemon [_thread_blocked, id=13428, stack(0x0000003e17100000,0x0000003e17200000)]
  0x0000014effc695a0 JavaThread "Monitor Deflation Thread" daemon [_thread_blocked, id=17596, stack(0x0000003e17200000,0x0000003e17300000)]
  0x0000014effc69f60 JavaThread "C1 CompilerThread0" daemon [_thread_blocked, id=9432, stack(0x0000003e17300000,0x0000003e17400000)]
  0x0000014e946f9370 JavaThread "Sweeper thread" daemon [_thread_blocked, id=20392, stack(0x0000003e17400000,0x0000003e17500000)]
  0x0000014e94736780 JavaThread "Common-Cleaner" daemon [_thread_blocked, id=2940, stack(0x0000003e17500000,0x0000003e17600000)]
  0x0000014e947b51b0 JavaThread "C1 CompilerThread1" daemon [_thread_blocked, id=17180, stack(0x0000003e17600000,0x0000003e17700000)]
  0x0000014e947b9af0 JavaThread "C1 CompilerThread2" daemon [_thread_blocked, id=17300, stack(0x0000003e17700000,0x0000003e17800000)]
  0x0000014eda0d32a0 JavaThread "Monitor Ctrl-Break" daemon [_thread_in_native, id=16744, stack(0x0000003e17800000,0x0000003e17900000)]
  0x0000014eda0d3780 JavaThread "Notification Thread" daemon [_thread_blocked, id=21020, stack(0x0000003e17900000,0x0000003e17a00000)]
  0x0000014eda21c930 JavaThread "RMI TCP Accept-0" daemon [_thread_in_native, id=19504, stack(0x0000003e17a00000,0x0000003e17b00000)]

Other Threads:
  0x0000014effc4c7b0 VMThread "VM Thread" [stack: 0x0000003e16c00000,0x0000003e16d00000] [id=16020]
  0x0000014eda202bd0 WatcherThread [stack: 0x0000003e17b00000,0x0000003e17c00000] [id=13032]
  0x0000014efe17c7f0 GCTaskThread "GC Thread#0" [stack: 0x0000003e16700000,0x0000003e16800000] [id=11612]
  0x0000014eda313940 GCTaskThread "GC Thread#1" [stack: 0x0000003e17c00000,0x0000003e17d00000] [id=5684]
  0x0000014eda31f640 GCTaskThread "GC Thread#2" [stack: 0x0000003e17d00000,0x0000003e17e00000] [id=1864]
  0x0000014eda335640 GCTaskThread "GC Thread#3" [stack: 0x0000003e17e00000,0x0000003e17f00000] [id=19664]
  0x0000014efe18d290 ConcurrentGCThread "G1 Main Marker" [stack: 0x0000003e16800000,0x0000003e16900000] [id=18148]
  0x0000014efe18e970 ConcurrentGCThread "G1 Conc#0" [stack: 0x0000003e16900000,0x0000003e16a00000] [id=16820]
  0x0000014effb085a0 ConcurrentGCThread "G1 Refine#0" [stack: 0x0000003e16a00000,0x0000003e16b00000] [id=20968]
  0x0000014eda335900 ConcurrentGCThread "G1 Refine#1" [stack: 0x0000003e17f00000,0x0000003e18000000] [id=12668]
  0x0000014effb09bb0 ConcurrentGCThread "G1 Service" [stack: 0x0000003e16b00000,0x0000003e16c00000] [id=17996]

Threads with active compile tasks:

VM state: not at safepoint (normal execution)

VM Mutex/Monitor currently owned by a thread:  ([mutex/lock_event])
[0x0000014efe1126d0] Metaspace_lock - owner thread: 0x0000014efe117470

Heap address: 0x0000000704a00000, size: 4022 MB, Compressed Oops mode: Zero based, Oop shift amount: 3

CDS archive(s) mapped at: [0x0000014e95000000-0x0000014e95bd0000-0x0000014e95bd0000), size 12386304, SharedBaseAddress: 0x0000014e95000000, ArchiveRelocationMode: 1.
Compressed class space mapped at: 0x0000014e96000000-0x0000014ed6000000, reserved size: 1073741824
Narrow klass base: 0x0000014e95000000, Narrow klass shift: 0, Narrow klass range: 0x100000000

GC Precious Log:
 CPUs: 4 total, 4 available
 Memory: 16082M
 Large Page Support: Disabled
 NUMA Support: Disabled
 Compressed Oops: Enabled (Zero based)
 Heap Region Size: 2M
 Heap Min Capacity: 8M
 Heap Initial Capacity: 252M
 Heap Max Capacity: 4022M
 Pre-touch: Disabled
 Parallel Workers: 4
 Concurrent Workers: 1
 Concurrent Refinement Workers: 4
 Periodic GC: Disabled

Heap:
 garbage-first heap   total 258048K, used 7406K [0x0000000704a00000, 0x0000000800000000)
  region size 2048K, 3 young (6144K), 1 survivors (2048K)
 Metaspace       used 5541K, committed 5696K, reserved 1114112K
  class space    used 680K, committed 768K, reserved 1048576K

Heap Regions: E=young(eden), S=young(survivor), O=old, HS=humongous(starts), HC=humongous(continues), CS=collection set, F=free, OA=open archive, CA=closed archive, TAMS=top-at-mark-start (previous, next)
|   0|0x0000000704a00000, 0x0000000704c00000, 0x0000000704c00000|100%| O|  |TAMS 0x0000000704a00000, 0x0000000704a00000| Untracked 
|   1|0x0000000704c00000, 0x0000000704d3b800, 0x0000000704e00000| 61%| O|  |TAMS 0x0000000704c00000, 0x0000000704c00000| Untracked 
|   2|0x0000000704e00000, 0x0000000704e00000, 0x0000000705000000|  0%| F|  |TAMS 0x0000000704e00000, 0x0000000704e00000| Untracked 
|   3|0x0000000705000000, 0x0000000705000000, 0x0000000705200000|  0%| F|  |TAMS 0x0000000705000000, 0x0000000705000000| Untracked 
|   4|0x0000000705200000, 0x0000000705200000, 0x0000000705400000|  0%| F|  |TAMS 0x0000000705200000, 0x0000000705200000| Untracked 
|   5|0x0000000705400000, 0x0000000705400000, 0x0000000705600000|  0%| F|  |TAMS 0x0000000705400000, 0x0000000705400000| Untracked 
|   6|0x0000000705600000, 0x0000000705600000, 0x0000000705800000|  0%| F|  |TAMS 0x0000000705600000, 0x0000000705600000| Untracked 
|   7|0x0000000705800000, 0x0000000705800000, 0x0000000705a00000|  0%| F|  |TAMS 0x0000000705800000, 0x0000000705800000| Untracked 
|   8|0x0000000705a00000, 0x0000000705a00000, 0x0000000705c00000|  0%| F|  |TAMS 0x0000000705a00000, 0x0000000705a00000| Untracked 
|   9|0x0000000705c00000, 0x0000000705c00000, 0x0000000705e00000|  0%| F|  |TAMS 0x0000000705c00000, 0x0000000705c00000| Untracked 
|  10|0x0000000705e00000, 0x0000000705e00000, 0x0000000706000000|  0%| F|  |TAMS 0x0000000705e00000, 0x0000000705e00000| Untracked 
|  11|0x0000000706000000, 0x0000000706000000, 0x0000000706200000|  0%| F|  |TAMS 0x0000000706000000, 0x0000000706000000| Untracked 
|  12|0x0000000706200000, 0x0000000706200000, 0x0000000706400000|  0%| F|  |TAMS 0x0000000706200000, 0x0000000706200000| Untracked 
|  13|0x0000000706400000, 0x0000000706400000, 0x0000000706600000|  0%| F|  |TAMS 0x0000000706400000, 0x0000000706400000| Untracked 
|  14|0x0000000706600000, 0x0000000706600000, 0x0000000706800000|  0%| F|  |TAMS 0x0000000706600000, 0x0000000706600000| Untracked 
|  15|0x0000000706800000, 0x0000000706800000, 0x0000000706a00000|  0%| F|  |TAMS 0x0000000706800000, 0x0000000706800000| Untracked 
|  16|0x0000000706a00000, 0x0000000706a00000, 0x0000000706c00000|  0%| F|  |TAMS 0x0000000706a00000, 0x0000000706a00000| Untracked 
|  17|0x0000000706c00000, 0x0000000706c00000, 0x0000000706e00000|  0%| F|  |TAMS 0x0000000706c00000, 0x0000000706c00000| Untracked 
|  18|0x0000000706e00000, 0x0000000706e00000, 0x0000000707000000|  0%| F|  |TAMS 0x0000000706e00000, 0x0000000706e00000| Untracked 
|  19|0x0000000707000000, 0x0000000707000000, 0x0000000707200000|  0%| F|  |TAMS 0x0000000707000000, 0x0000000707000000| Untracked 
|  20|0x0000000707200000, 0x0000000707200000, 0x0000000707400000|  0%| F|  |TAMS 0x0000000707200000, 0x0000000707200000| Untracked 
|  21|0x0000000707400000, 0x0000000707400000, 0x0000000707600000|  0%| F|  |TAMS 0x0000000707400000, 0x0000000707400000| Untracked 
|  22|0x0000000707600000, 0x0000000707600000, 0x0000000707800000|  0%| F|  |TAMS 0x0000000707600000, 0x0000000707600000| Untracked 
|  23|0x0000000707800000, 0x0000000707800000, 0x0000000707a00000|  0%| F|  |TAMS 0x0000000707800000, 0x0000000707800000| Untracked 
|  24|0x0000000707a00000, 0x0000000707a00000, 0x0000000707c00000|  0%| F|  |TAMS 0x0000000707a00000, 0x0000000707a00000| Untracked 
|  25|0x0000000707c00000, 0x0000000707c00000, 0x0000000707e00000|  0%| F|  |TAMS 0x0000000707c00000, 0x0000000707c00000| Untracked 
|  26|0x0000000707e00000, 0x0000000707e00000, 0x0000000708000000|  0%| F|  |TAMS 0x0000000707e00000, 0x0000000707e00000| Untracked 
|  27|0x0000000708000000, 0x0000000708000000, 0x0000000708200000|  0%| F|  |TAMS 0x0000000708000000, 0x0000000708000000| Untracked 
|  28|0x0000000708200000, 0x0000000708200000, 0x0000000708400000|  0%| F|  |TAMS 0x0000000708200000, 0x0000000708200000| Untracked 
|  29|0x0000000708400000, 0x0000000708400000, 0x0000000708600000|  0%| F|  |TAMS 0x0000000708400000, 0x0000000708400000| Untracked 
|  30|0x0000000708600000, 0x0000000708600000, 0x0000000708800000|  0%| F|  |TAMS 0x0000000708600000, 0x0000000708600000| Untracked 
|  31|0x0000000708800000, 0x0000000708800000, 0x0000000708a00000|  0%| F|  |TAMS 0x0000000708800000, 0x0000000708800000| Untracked 
|  32|0x0000000708a00000, 0x0000000708a00000, 0x0000000708c00000|  0%| F|  |TAMS 0x0000000708a00000, 0x0000000708a00000| Untracked 
|  33|0x0000000708c00000, 0x0000000708c00000, 0x0000000708e00000|  0%| F|  |TAMS 0x0000000708c00000, 0x0000000708c00000| Untracked 
|  34|0x0000000708e00000, 0x0000000708e00000, 0x0000000709000000|  0%| F|  |TAMS 0x0000000708e00000, 0x0000000708e00000| Untracked 
|  35|0x0000000709000000, 0x0000000709000000, 0x0000000709200000|  0%| F|  |TAMS 0x0000000709000000, 0x0000000709000000| Untracked 
|  36|0x0000000709200000, 0x0000000709200000, 0x0000000709400000|  0%| F|  |TAMS 0x0000000709200000, 0x0000000709200000| Untracked 
|  37|0x0000000709400000, 0x0000000709400000, 0x0000000709600000|  0%| F|  |TAMS 0x0000000709400000, 0x0000000709400000| Untracked 
|  38|0x0000000709600000, 0x0000000709600000, 0x0000000709800000|  0%| F|  |TAMS 0x0000000709600000, 0x0000000709600000| Untracked 
|  39|0x0000000709800000, 0x0000000709800000, 0x0000000709a00000|  0%| F|  |TAMS 0x0000000709800000, 0x0000000709800000| Untracked 
|  40|0x0000000709a00000, 0x0000000709a00000, 0x0000000709c00000|  0%| F|  |TAMS 0x0000000709a00000, 0x0000000709a00000| Untracked 
|  41|0x0000000709c00000, 0x0000000709c00000, 0x0000000709e00000|  0%| F|  |TAMS 0x0000000709c00000, 0x0000000709c00000| Untracked 
|  42|0x0000000709e00000, 0x0000000709e00000, 0x000000070a000000|  0%| F|  |TAMS 0x0000000709e00000, 0x0000000709e00000| Untracked 
|  43|0x000000070a000000, 0x000000070a000000, 0x000000070a200000|  0%| F|  |TAMS 0x000000070a000000, 0x000000070a000000| Untracked 
|  44|0x000000070a200000, 0x000000070a200000, 0x000000070a400000|  0%| F|  |TAMS 0x000000070a200000, 0x000000070a200000| Untracked 
|  45|0x000000070a400000, 0x000000070a400000, 0x000000070a600000|  0%| F|  |TAMS 0x000000070a400000, 0x000000070a400000| Untracked 
|  46|0x000000070a600000, 0x000000070a600000, 0x000000070a800000|  0%| F|  |TAMS 0x000000070a600000, 0x000000070a600000| Untracked 
|  47|0x000000070a800000, 0x000000070a800000, 0x000000070aa00000|  0%| F|  |TAMS 0x000000070a800000, 0x000000070a800000| Untracked 
|  48|0x000000070aa00000, 0x000000070aa00000, 0x000000070ac00000|  0%| F|  |TAMS 0x000000070aa00000, 0x000000070aa00000| Untracked 
|  49|0x000000070ac00000, 0x000000070ac00000, 0x000000070ae00000|  0%| F|  |TAMS 0x000000070ac00000, 0x000000070ac00000| Untracked 
|  50|0x000000070ae00000, 0x000000070ae00000, 0x000000070b000000|  0%| F|  |TAMS 0x000000070ae00000, 0x000000070ae00000| Untracked 
|  51|0x000000070b000000, 0x000000070b000000, 0x000000070b200000|  0%| F|  |TAMS 0x000000070b000000, 0x000000070b000000| Untracked 
|  52|0x000000070b200000, 0x000000070b200000, 0x000000070b400000|  0%| F|  |TAMS 0x000000070b200000, 0x000000070b200000| Untracked 
|  53|0x000000070b400000, 0x000000070b400000, 0x000000070b600000|  0%| F|  |TAMS 0x000000070b400000, 0x000000070b400000| Untracked 
|  54|0x000000070b600000, 0x000000070b600000, 0x000000070b800000|  0%| F|  |TAMS 0x000000070b600000, 0x000000070b600000| Untracked 
|  55|0x000000070b800000, 0x000000070b800000, 0x000000070ba00000|  0%| F|  |TAMS 0x000000070b800000, 0x000000070b800000| Untracked 
|  56|0x000000070ba00000, 0x000000070ba00000, 0x000000070bc00000|  0%| F|  |TAMS 0x000000070ba00000, 0x000000070ba00000| Untracked 
|  57|0x000000070bc00000, 0x000000070bc00000, 0x000000070be00000|  0%| F|  |TAMS 0x000000070bc00000, 0x000000070bc00000| Untracked 
|  58|0x000000070be00000, 0x000000070be00000, 0x000000070c000000|  0%| F|  |TAMS 0x000000070be00000, 0x000000070be00000| Untracked 
|  59|0x000000070c000000, 0x000000070c000000, 0x000000070c200000|  0%| F|  |TAMS 0x000000070c000000, 0x000000070c000000| Untracked 
|  60|0x000000070c200000, 0x000000070c200000, 0x000000070c400000|  0%| F|  |TAMS 0x000000070c200000, 0x000000070c200000| Untracked 
|  61|0x000000070c400000, 0x000000070c400000, 0x000000070c600000|  0%| F|  |TAMS 0x000000070c400000, 0x000000070c400000| Untracked 
|  62|0x000000070c600000, 0x000000070c600000, 0x000000070c800000|  0%| F|  |TAMS 0x000000070c600000, 0x000000070c600000| Untracked 
|  63|0x000000070c800000, 0x000000070c800000, 0x000000070ca00000|  0%| F|  |TAMS 0x000000070c800000, 0x000000070c800000| Untracked 
|  64|0x000000070ca00000, 0x000000070ca00000, 0x000000070cc00000|  0%| F|  |TAMS 0x000000070ca00000, 0x000000070ca00000| Untracked 
|  65|0x000000070cc00000, 0x000000070cc00000, 0x000000070ce00000|  0%| F|  |TAMS 0x000000070cc00000, 0x000000070cc00000| Untracked 
|  66|0x000000070ce00000, 0x000000070ce00000, 0x000000070d000000|  0%| F|  |TAMS 0x000000070ce00000, 0x000000070ce00000| Untracked 
|  67|0x000000070d000000, 0x000000070d000000, 0x000000070d200000|  0%| F|  |TAMS 0x000000070d000000, 0x000000070d000000| Untracked 
|  68|0x000000070d200000, 0x000000070d200000, 0x000000070d400000|  0%| F|  |TAMS 0x000000070d200000, 0x000000070d200000| Untracked 
|  69|0x000000070d400000, 0x000000070d400000, 0x000000070d600000|  0%| F|  |TAMS 0x000000070d400000, 0x000000070d400000| Untracked 
|  70|0x000000070d600000, 0x000000070d600000, 0x000000070d800000|  0%| F|  |TAMS 0x000000070d600000, 0x000000070d600000| Untracked 
|  71|0x000000070d800000, 0x000000070d800000, 0x000000070da00000|  0%| F|  |TAMS 0x000000070d800000, 0x000000070d800000| Untracked 
|  72|0x000000070da00000, 0x000000070da00000, 0x000000070dc00000|  0%| F|  |TAMS 0x000000070da00000, 0x000000070da00000| Untracked 
|  73|0x000000070dc00000, 0x000000070dc00000, 0x000000070de00000|  0%| F|  |TAMS 0x000000070dc00000, 0x000000070dc00000| Untracked 
|  74|0x000000070de00000, 0x000000070de00000, 0x000000070e000000|  0%| F|  |TAMS 0x000000070de00000, 0x000000070de00000| Untracked 
|  75|0x000000070e000000, 0x000000070e000000, 0x000000070e200000|  0%| F|  |TAMS 0x000000070e000000, 0x000000070e000000| Untracked 
|  76|0x000000070e200000, 0x000000070e200000, 0x000000070e400000|  0%| F|  |TAMS 0x000000070e200000, 0x000000070e200000| Untracked 
|  77|0x000000070e400000, 0x000000070e400000, 0x000000070e600000|  0%| F|  |TAMS 0x000000070e400000, 0x000000070e400000| Untracked 
|  78|0x000000070e600000, 0x000000070e600000, 0x000000070e800000|  0%| F|  |TAMS 0x000000070e600000, 0x000000070e600000| Untracked 
|  79|0x000000070e800000, 0x000000070e800000, 0x000000070ea00000|  0%| F|  |TAMS 0x000000070e800000, 0x000000070e800000| Untracked 
|  80|0x000000070ea00000, 0x000000070ea00000, 0x000000070ec00000|  0%| F|  |TAMS 0x000000070ea00000, 0x000000070ea00000| Untracked 
|  81|0x000000070ec00000, 0x000000070ec00000, 0x000000070ee00000|  0%| F|  |TAMS 0x000000070ec00000, 0x000000070ec00000| Untracked 
|  82|0x000000070ee00000, 0x000000070ee00000, 0x000000070f000000|  0%| F|  |TAMS 0x000000070ee00000, 0x000000070ee00000| Untracked 
|  83|0x000000070f000000, 0x000000070f000000, 0x000000070f200000|  0%| F|  |TAMS 0x000000070f000000, 0x000000070f000000| Untracked 
|  84|0x000000070f200000, 0x000000070f200000, 0x000000070f400000|  0%| F|  |TAMS 0x000000070f200000, 0x000000070f200000| Untracked 
|  85|0x000000070f400000, 0x000000070f400000, 0x000000070f600000|  0%| F|  |TAMS 0x000000070f400000, 0x000000070f400000| Untracked 
|  86|0x000000070f600000, 0x000000070f600000, 0x000000070f800000|  0%| F|  |TAMS 0x000000070f600000, 0x000000070f600000| Untracked 
|  87|0x000000070f800000, 0x000000070f800000, 0x000000070fa00000|  0%| F|  |TAMS 0x000000070f800000, 0x000000070f800000| Untracked 
|  88|0x000000070fa00000, 0x000000070fa00000, 0x000000070fc00000|  0%| F|  |TAMS 0x000000070fa00000, 0x000000070fa00000| Untracked 
|  89|0x000000070fc00000, 0x000000070fc00000, 0x000000070fe00000|  0%| F|  |TAMS 0x000000070fc00000, 0x000000070fc00000| Untracked 
|  90|0x000000070fe00000, 0x000000070fe00000, 0x0000000710000000|  0%| F|  |TAMS 0x000000070fe00000, 0x000000070fe00000| Untracked 
|  91|0x0000000710000000, 0x0000000710000000, 0x0000000710200000|  0%| F|  |TAMS 0x0000000710000000, 0x0000000710000000| Untracked 
|  92|0x0000000710200000, 0x0000000710200000, 0x0000000710400000|  0%| F|  |TAMS 0x0000000710200000, 0x0000000710200000| Untracked 
|  93|0x0000000710400000, 0x0000000710400000, 0x0000000710600000|  0%| F|  |TAMS 0x0000000710400000, 0x0000000710400000| Untracked 
|  94|0x0000000710600000, 0x0000000710600000, 0x0000000710800000|  0%| F|  |TAMS 0x0000000710600000, 0x0000000710600000| Untracked 
|  95|0x0000000710800000, 0x0000000710800000, 0x0000000710a00000|  0%| F|  |TAMS 0x0000000710800000, 0x0000000710800000| Untracked 
|  96|0x0000000710a00000, 0x0000000710a00000, 0x0000000710c00000|  0%| F|  |TAMS 0x0000000710a00000, 0x0000000710a00000| Untracked 
|  97|0x0000000710c00000, 0x0000000710c00000, 0x0000000710e00000|  0%| F|  |TAMS 0x0000000710c00000, 0x0000000710c00000| Untracked 
|  98|0x0000000710e00000, 0x0000000710e00000, 0x0000000711000000|  0%| F|  |TAMS 0x0000000710e00000, 0x0000000710e00000| Untracked 
|  99|0x0000000711000000, 0x0000000711000000, 0x0000000711200000|  0%| F|  |TAMS 0x0000000711000000, 0x0000000711000000| Untracked 
| 100|0x0000000711200000, 0x0000000711200000, 0x0000000711400000|  0%| F|  |TAMS 0x0000000711200000, 0x0000000711200000| Untracked 
| 101|0x0000000711400000, 0x0000000711400000, 0x0000000711600000|  0%| F|  |TAMS 0x0000000711400000, 0x0000000711400000| Untracked 
| 102|0x0000000711600000, 0x0000000711600000, 0x0000000711800000|  0%| F|  |TAMS 0x0000000711600000, 0x0000000711600000| Untracked 
| 103|0x0000000711800000, 0x0000000711800000, 0x0000000711a00000|  0%| F|  |TAMS 0x0000000711800000, 0x0000000711800000| Untracked 
| 104|0x0000000711a00000, 0x0000000711a00000, 0x0000000711c00000|  0%| F|  |TAMS 0x0000000711a00000, 0x0000000711a00000| Untracked 
| 105|0x0000000711c00000, 0x0000000711c00000, 0x0000000711e00000|  0%| F|  |TAMS 0x0000000711c00000, 0x0000000711c00000| Untracked 
| 106|0x0000000711e00000, 0x0000000711e00000, 0x0000000712000000|  0%| F|  |TAMS 0x0000000711e00000, 0x0000000711e00000| Untracked 
| 107|0x0000000712000000, 0x0000000712000000, 0x0000000712200000|  0%| F|  |TAMS 0x0000000712000000, 0x0000000712000000| Untracked 
| 108|0x0000000712200000, 0x0000000712200000, 0x0000000712400000|  0%| F|  |TAMS 0x0000000712200000, 0x0000000712200000| Untracked 
| 109|0x0000000712400000, 0x0000000712400000, 0x0000000712600000|  0%| F|  |TAMS 0x0000000712400000, 0x0000000712400000| Untracked 
| 110|0x0000000712600000, 0x0000000712600000, 0x0000000712800000|  0%| F|  |TAMS 0x0000000712600000, 0x0000000712600000| Untracked 
| 111|0x0000000712800000, 0x0000000712800000, 0x0000000712a00000|  0%| F|  |TAMS 0x0000000712800000, 0x0000000712800000| Untracked 
| 112|0x0000000712a00000, 0x0000000712a00000, 0x0000000712c00000|  0%| F|  |TAMS 0x0000000712a00000, 0x0000000712a00000| Untracked 
| 113|0x0000000712c00000, 0x0000000712c00000, 0x0000000712e00000|  0%| F|  |TAMS 0x0000000712c00000, 0x0000000712c00000| Untracked 
| 114|0x0000000712e00000, 0x0000000712e00000, 0x0000000713000000|  0%| F|  |TAMS 0x0000000712e00000, 0x0000000712e00000| Untracked 
| 115|0x0000000713000000, 0x0000000713000000, 0x0000000713200000|  0%| F|  |TAMS 0x0000000713000000, 0x0000000713000000| Untracked 
| 116|0x0000000713200000, 0x0000000713200000, 0x0000000713400000|  0%| F|  |TAMS 0x0000000713200000, 0x0000000713200000| Untracked 
| 117|0x0000000713400000, 0x0000000713400000, 0x0000000713600000|  0%| F|  |TAMS 0x0000000713400000, 0x0000000713400000| Untracked 
| 118|0x0000000713600000, 0x0000000713600000, 0x0000000713800000|  0%| F|  |TAMS 0x0000000713600000, 0x0000000713600000| Untracked 
| 119|0x0000000713800000, 0x0000000713a00000, 0x0000000713a00000|100%| S|CS|TAMS 0x0000000713800000, 0x0000000713800000| Complete 
| 120|0x0000000713a00000, 0x0000000713a00000, 0x0000000713c00000|  0%| F|  |TAMS 0x0000000713a00000, 0x0000000713a00000| Untracked 
| 121|0x0000000713c00000, 0x0000000713c00000, 0x0000000713e00000|  0%| F|  |TAMS 0x0000000713c00000, 0x0000000713c00000| Untracked 
| 122|0x0000000713e00000, 0x0000000713e00000, 0x0000000714000000|  0%| F|  |TAMS 0x0000000713e00000, 0x0000000713e00000| Untracked 
| 123|0x0000000714000000, 0x0000000714000000, 0x0000000714200000|  0%| F|  |TAMS 0x0000000714000000, 0x0000000714000000| Untracked 
| 124|0x0000000714200000, 0x0000000714293690, 0x0000000714400000| 28%| E|  |TAMS 0x0000000714200000, 0x0000000714200000| Complete 
| 125|0x0000000714400000, 0x0000000714600000, 0x0000000714600000|100%| E|CS|TAMS 0x0000000714400000, 0x0000000714400000| Complete 

Card table byte_map: [0x0000014efe9b0000,0x0000014eff190000] _byte_map_base: 0x0000014efb18b000

Marking Bits (Prev, Next): (CMBitMap*) 0x0000014efe17ce10, (CMBitMap*) 0x0000014efe17ce50
 Prev Bits: [0x0000014e8a7f0000, 0x0000014e8e6c8000)
 Next Bits: [0x0000014e8e6d0000, 0x0000014e925a8000)

Polling page: 0x0000014efc220000

Metaspace:

Usage:
  Non-class:      4.75 MB used.
      Class:    680.43 KB used.
       Both:      5.41 MB used.

Virtual space:
  Non-class space:       64.00 MB reserved,       4.81 MB (  8%) committed,  1 nodes.
      Class space:        1.00 GB reserved,     768.00 KB ( <1%) committed,  1 nodes.
             Both:        1.06 GB reserved,       5.56 MB ( <1%) committed. 

Chunk freelists:
   Non-Class:  10.23 MB
       Class:  15.14 MB
        Both:  25.38 MB

MaxMetaspaceSize: unlimited
CompressedClassSpaceSize: 1.00 GB
Initial GC threshold: 21.00 MB
Current GC threshold: 21.00 MB
CDS: on
MetaspaceReclaimPolicy: balanced
 - commit_granule_bytes: 65536.
 - commit_granule_words: 8192.
 - virtual_space_node_default_size: 8388608.
 - enlarge_chunks_in_place: 1.
 - new_chunks_are_fully_committed: 0.
 - uncommit_free_chunks: 1.
 - use_allocation_guard: 0.
 - handle_deallocations: 1.


Internal statistics:

num_allocs_failed_limit: 0.
num_arena_births: 104.
num_arena_deaths: 0.
num_vsnodes_births: 2.
num_vsnodes_deaths: 0.
num_space_committed: 89.
num_space_uncommitted: 0.
num_chunks_returned_to_freelist: 0.
num_chunks_taken_from_freelist: 156.
num_chunk_merges: 0.
num_chunk_splits: 104.
num_chunks_enlarged: 63.
num_inconsistent_stats: 0.

CodeCache: size=49152Kb used=3729Kb max_used=3729Kb free=45422Kb
 bounds [0x0000014e877f0000, 0x0000014e87ba0000, 0x0000014e8a7f0000]
 total_blobs=1495 nmethods=1045 adapters=376
 compilation: enabled
              stopped_count=0, restarted_count=0
 full_count=0

Compilation events (20 events):
Event: 1.257 Thread 0x0000014effc69f60 1037       1       java.time.temporal.ValueRange::checkValidValue (24 bytes)
Event: 1.257 Thread 0x0000014e947b51b0 nmethod 1035 0x0000014e87b91990 code [0x0000014e87b91b20, 0x0000014e87b91c18]
Event: 1.257 Thread 0x0000014e947b51b0 1038       1       java.time.zone.ZoneOffsetTransition::getOffsetAfter (5 bytes)
Event: 1.258 Thread 0x0000014e947b51b0 nmethod 1038 0x0000014e87b91c90 code [0x0000014e87b91e20, 0x0000014e87b91ef8]
Event: 1.258 Thread 0x0000014e947b51b0 1039       1       java.time.zone.ZoneOffsetTransition::getOffsetBefore (5 bytes)
Event: 1.258 Thread 0x0000014e947b51b0 nmethod 1039 0x0000014e87b91f90 code [0x0000014e87b92120, 0x0000014e87b921f8]
Event: 1.258 Thread 0x0000014e947b51b0 1040       1       java.lang.invoke.MethodHandleNatives::isCallerSensitive (29 bytes)
Event: 1.258 Thread 0x0000014effc69f60 nmethod 1037 0x0000014e87b92290 code [0x0000014e87b92440, 0x0000014e87b925d8]
Event: 1.258 Thread 0x0000014effc69f60 1041       1       java.lang.invoke.MethodHandleNatives::canBeCalledVirtual (50 bytes)
Event: 1.258 Thread 0x0000014e947b9af0 nmethod 1036 0x0000014e87b92690 code [0x0000014e87b92840, 0x0000014e87b929f8]
Event: 1.258 Thread 0x0000014e947b51b0 nmethod 1040 0x0000014e87b92b10 code [0x0000014e87b92ca0, 0x0000014e87b92e28]
Event: 1.258 Thread 0x0000014effc69f60 nmethod 1041 0x0000014e87b92f10 code [0x0000014e87b930c0, 0x0000014e87b93288]
Event: 1.258 Thread 0x0000014effc69f60 1042       1       java.util.HashMap$EntrySet::iterator (12 bytes)
Event: 1.258 Thread 0x0000014e947b51b0 1043       1       java.util.HashMap$EntryIterator::<init> (11 bytes)
Event: 1.259 Thread 0x0000014e947b51b0 nmethod 1043 0x0000014e87b93990 code [0x0000014e87b93b20, 0x0000014e87b93c48]
Event: 1.259 Thread 0x0000014effc69f60 nmethod 1042 0x0000014e87b93d10 code [0x0000014e87b93ea0, 0x0000014e87b94048]
Event: 1.259 Thread 0x0000014e947b51b0 1044       1       java.lang.reflect.Constructor::getDeclaringClass (5 bytes)
Event: 1.259 Thread 0x0000014e947b51b0 nmethod 1044 0x0000014e87b94110 code [0x0000014e87b942a0, 0x0000014e87b94378]
Event: 1.263 Thread 0x0000014e947b51b0 1045       1       java.util.Collections$SetFromMap::add (22 bytes)
Event: 1.263 Thread 0x0000014e947b51b0 nmethod 1045 0x0000014e87b94410 code [0x0000014e87b945a0, 0x0000014e87b946a8]

GC Heap History (2 events):
Event: 1.113 GC heap before
{Heap before GC invocations=0 (full 0):
 garbage-first heap   total 258048K, used 10240K [0x0000000704a00000, 0x0000000800000000)
  region size 2048K, 6 young (12288K), 0 survivors (0K)
 Metaspace       used 4739K, committed 4928K, reserved 1114112K
  class space    used 569K, committed 640K, reserved 1048576K
}
Event: 1.148 GC heap after
{Heap after GC invocations=1 (full 0):
 garbage-first heap   total 258048K, used 5358K [0x0000000704a00000, 0x0000000800000000)
  region size 2048K, 1 young (2048K), 1 survivors (2048K)
 Metaspace       used 4739K, committed 4928K, reserved 1114112K
  class space    used 569K, committed 640K, reserved 1048576K
}

Deoptimization events (0 events):
No events

Classes unloaded (0 events):
No events

Classes redefined (0 events):
No events

Internal exceptions (14 events):
Event: 0.603 Thread 0x0000014eda0d32a0 Exception <a 'java/lang/NoSuchMethodError'{0x0000000713ed17a0}: 'java.lang.Object java.lang.invoke.DirectMethodHandle$Holder.invokeStaticInit(java.lang.Object)'> (0x0000000713ed17a0) 
thrown [s\open\src\hotspot\share\interpreter\linkResolver.cpp, line 759]
Event: 0.615 Thread 0x0000014eda0d32a0 Exception <a 'java/lang/NoSuchMethodError'{0x0000000713edf398}: 'void java.lang.invoke.DirectMethodHandle$Holder.invokeStatic(java.lang.Object, java.lang.Object)'> (0x0000000713edf398) 
thrown [s\open\src\hotspot\share\interpreter\linkResolver.cpp, line 759]
Event: 0.665 Thread 0x0000014efe117470 Exception <a 'java/lang/NoSuchMethodError'{0x0000000713f1f6b8}: 'int java.lang.invoke.DirectMethodHandle$Holder.invokeInterface(java.lang.Object, java.lang.Object)'> (0x0000000713f1f6b8) 
thrown [s\open\src\hotspot\share\interpreter\linkResolver.cpp, line 759]
Event: 0.672 Thread 0x0000014efe117470 Exception <a 'java/lang/IncompatibleClassChangeError'{0x0000000713f22cb8}: Found class java.lang.Object, but interface was expected> (0x0000000713f22cb8) 
thrown [s\open\src\hotspot\share\interpreter\linkResolver.cpp, line 826]
Event: 0.842 Thread 0x0000014efe117470 Exception <a 'java/lang/NoSuchMethodError'{0x0000000713fee4f8}: 'int java.lang.invoke.DirectMethodHandle$Holder.invokeSpecial(java.lang.Object, java.lang.Object, java.lang.Object)'> (0x0000000713fee4f8) 
thrown [s\open\src\hotspot\share\interpreter\linkResolver.cpp, line 759]
Event: 0.901 Thread 0x0000014efe117470 Exception <a 'java/lang/NoSuchMethodError'{0x0000000713ce96f0}: 'void java.lang.invoke.DirectMethodHandle$Holder.invokeStatic(java.lang.Object, java.lang.Object, java.lang.Object)'> (0x0000000713ce96f0) 
thrown [s\open\src\hotspot\share\interpreter\linkResolver.cpp, line 759]
Event: 0.914 Thread 0x0000014efe117470 Exception <a 'java/lang/NoSuchMethodError'{0x0000000713d26358}: 'int java.lang.invoke.DirectMethodHandle$Holder.invokeSpecialIFC(java.lang.Object, java.lang.Object, java.lang.Object)'> (0x0000000713d26358) 
thrown [s\open\src\hotspot\share\interpreter\linkResolver.cpp, line 759]
Event: 0.944 Thread 0x0000014efe117470 Exception <a 'java/lang/NoSuchMethodError'{0x0000000713d9d160}: 'java.lang.Object java.lang.invoke.DirectMethodHandle$Holder.invokeStaticInit(java.lang.Object, int, int, int, int)'> (0x0000000713d9d160) 
thrown [s\open\src\hotspot\share\interpreter\linkResolver.cpp, line 759]
Event: 1.031 Thread 0x0000014efe117470 Exception <a 'java/lang/NoSuchMethodError'{0x0000000713a2ff90}: 'java.lang.Object java.lang.invoke.DirectMethodHandle$Holder.invokeStaticInit(java.lang.Object, java.lang.Object, int, int, int, int)'> (0x0000000713a2ff90) 
thrown [s\open\src\hotspot\share\interpreter\linkResolver.cpp, line 759]
Event: 1.046 Thread 0x0000014efe117470 Exception <a 'java/lang/ClassNotFoundException'{0x0000000713a4e598}: javax/management/remote/rmi/RMIServerImpl_Skel> (0x0000000713a4e598) 
thrown [s\open\src\hotspot\share\classfile\systemDictionary.cpp, line 256]
Event: 1.184 Thread 0x0000014efe117470 Exception <a 'java/lang/ClassNotFoundException'{0x000000071450a1d8}: javax/smartcardio/CardPermission> (0x000000071450a1d8) 
thrown [s\open\src\hotspot\share\classfile\systemDictionary.cpp, line 256]
Event: 1.188 Thread 0x0000014efe117470 Exception <a 'java/io/FileNotFoundException'{0x0000000714518740}> (0x0000000714518740) 
thrown [s\open\src\hotspot\share\prims\jni.cpp, line 516]
Event: 1.228 Thread 0x0000014efe117470 Exception <a 'java/lang/NoSuchMethodError'{0x0000000714578e38}: 'java.lang.Object java.lang.invoke.DirectMethodHandle$Holder.invokeSpecial(java.lang.Object, java.lang.Object, java.lang.Object, long, java.lang.Object)'> (0x0000000714578e38) 
thrown [s\open\src\hotspot\share\interpreter\linkResolver.cpp, line 759]
Event: 1.229 Thread 0x0000014efe117470 Exception <a 'java/lang/NoSuchMethodError'{0x000000071457cad8}: 'java.lang.Object java.lang.invoke.Invokers$Holder.linkToTargetMethod(java.lang.Object, long, java.lang.Object, java.lang.Object)'> (0x000000071457cad8) 
thrown [s\open\src\hotspot\share\interpreter\linkResolver.cpp, line 759]

VM Operations (16 events):
Event: 0.278 Executing VM operation: HandshakeAllThreads
Event: 0.278 Executing VM operation: HandshakeAllThreads done
Event: 0.601 Executing VM operation: HandshakeAllThreads
Event: 0.601 Executing VM operation: HandshakeAllThreads done
Event: 0.684 Executing VM operation: HandshakeAllThreads
Event: 0.684 Executing VM operation: HandshakeAllThreads done
Event: 0.932 Executing VM operation: HandshakeAllThreads
Event: 0.932 Executing VM operation: HandshakeAllThreads done
Event: 1.112 Executing VM operation: HandshakeAllThreads
Event: 1.112 Executing VM operation: HandshakeAllThreads done
Event: 1.112 Executing VM operation: Cleanup
Event: 1.112 Executing VM operation: Cleanup done
Event: 1.113 Executing VM operation: G1CollectForAllocation
Event: 1.148 Executing VM operation: G1CollectForAllocation done
Event: 1.153 Executing VM operation: HandshakeAllThreads
Event: 1.153 Executing VM operation: HandshakeAllThreads done

Events (20 events):
Event: 1.196 loading class java/security/AccessControlException
Event: 1.196 loading class java/security/AccessControlException done
Event: 1.230 loading class java/net/MalformedURLException
Event: 1.230 loading class java/net/MalformedURLException done
Event: 1.252 loading class sun/util/calendar/ZoneInfoFile$Checksum
Event: 1.252 loading class sun/util/calendar/ZoneInfoFile$Checksum done
Event: 1.252 loading class java/time/zone/ZoneRulesProvider
Event: 1.252 loading class java/time/zone/ZoneRulesProvider done
Event: 1.252 loading class java/time/zone/ZoneRulesProvider$1
Event: 1.252 loading class java/time/zone/ZoneRulesProvider$1 done
Event: 1.252 loading class java/time/zone/TzdbZoneRulesProvider
Event: 1.252 loading class java/time/zone/TzdbZoneRulesProvider done
Event: 1.256 loading class java/time/zone/Ser
Event: 1.256 loading class java/time/zone/Ser done
Event: 1.256 loading class java/time/zone/ZoneOffsetTransition
Event: 1.256 loading class java/time/zone/ZoneOffsetTransition done
Event: 1.259 loading class java/util/concurrent/atomic/AtomicReference
Event: 1.260 loading class java/util/concurrent/atomic/AtomicReference done
Event: 1.263 loading class java/lang/NumberFormatException
Event: 1.263 loading class java/lang/NumberFormatException done


Dynamic libraries:
0x00007ff629c40000 - 0x00007ff629c50000 	C:\Program Files\Java\jdk-17\bin\java.exe
0x00007ff8bc320000 - 0x00007ff8bc588000 	C:\WINDOWS\SYSTEM32\ntdll.dll
0x00007ff8bb370000 - 0x00007ff8bb439000 	C:\WINDOWS\System32\KERNEL32.DLL
0x00007ff8b9960000 - 0x00007ff8b9d52000 	C:\WINDOWS\System32\KERNELBASE.dll
0x00007ff8b9610000 - 0x00007ff8b975b000 	C:\WINDOWS\System32\ucrtbase.dll
0x00007ff8b2cf0000 - 0x00007ff8b2d09000 	C:\Program Files\Java\jdk-17\bin\jli.dll
0x00007ff8ba200000 - 0x00007ff8ba2b4000 	C:\WINDOWS\System32\ADVAPI32.dll
0x00007ff8bb2c0000 - 0x00007ff8bb369000 	C:\WINDOWS\System32\msvcrt.dll
0x00007ff8bad80000 - 0x00007ff8bae26000 	C:\WINDOWS\System32\sechost.dll
0x00007ff8ba2c0000 - 0x00007ff8ba3d8000 	C:\WINDOWS\System32\RPCRT4.dll
0x00007ff8bb4f0000 - 0x00007ff8bb6b5000 	C:\WINDOWS\System32\USER32.dll
0x00007ff8ba0c0000 - 0x00007ff8ba0e7000 	C:\WINDOWS\System32\win32u.dll
0x00007ff8bb4c0000 - 0x00007ff8bb4eb000 	C:\WINDOWS\System32\GDI32.dll
0x00007ff8b9e10000 - 0x00007ff8b9f3d000 	C:\WINDOWS\System32\gdi32full.dll
0x00007ff8b9d60000 - 0x00007ff8b9e03000 	C:\WINDOWS\System32\msvcp_win.dll
0x00007ff8a25c0000 - 0x00007ff8a25db000 	C:\Program Files\Java\jdk-17\bin\VCRUNTIME140.dll
0x00007ff89e340000 - 0x00007ff89e5d3000 	C:\WINDOWS\WinSxS\amd64_microsoft.windows.common-controls_6595b64144ccf1df_6.0.26100.6899_none_3e0efeeae32e88c1\COMCTL32.dll
0x00007ff8a49e0000 - 0x00007ff8a49eb000 	C:\WINDOWS\SYSTEM32\VERSION.dll
0x00007ff8babd0000 - 0x00007ff8babff000 	C:\WINDOWS\System32\IMM32.DLL
0x00007ff8b2d30000 - 0x00007ff8b2d3c000 	C:\Program Files\Java\jdk-17\bin\vcruntime140_1.dll
0x00007ff877f90000 - 0x00007ff87801e000 	C:\Program Files\Java\jdk-17\bin\msvcp140.dll
0x00007ff858aa0000 - 0x00007ff859680000 	C:\Program Files\Java\jdk-17\bin\server\jvm.dll
0x00007ff8bc270000 - 0x00007ff8bc278000 	C:\WINDOWS\System32\PSAPI.DLL
0x00007ff899080000 - 0x00007ff89908a000 	C:\WINDOWS\SYSTEM32\WSOCK32.dll
0x00007ff8bb9c0000 - 0x00007ff8bba34000 	C:\WINDOWS\System32\WS2_32.dll
0x00007ff8b0bb0000 - 0x00007ff8b0be5000 	C:\WINDOWS\SYSTEM32\WINMM.dll
0x00007ff8b8240000 - 0x00007ff8b825b000 	C:\WINDOWS\SYSTEM32\kernel.appcore.dll
0x00007ff8a8450000 - 0x00007ff8a845a000 	C:\Program Files\Java\jdk-17\bin\jimage.dll
0x00007ff8b68e0000 - 0x00007ff8b6b22000 	C:\WINDOWS\SYSTEM32\DBGHELP.DLL
0x00007ff8ba740000 - 0x00007ff8baabb000 	C:\WINDOWS\System32\combase.dll
0x00007ff8ba120000 - 0x00007ff8ba1f7000 	C:\WINDOWS\System32\OLEAUT32.dll
0x00007ff8a3cd0000 - 0x00007ff8a3d0c000 	C:\WINDOWS\SYSTEM32\dbgcore.DLL
0x00007ff8b9570000 - 0x00007ff8b9608000 	C:\WINDOWS\System32\bcryptPrimitives.dll
0x00007ff8a25a0000 - 0x00007ff8a25ae000 	C:\Program Files\Java\jdk-17\bin\instrument.dll
0x00007ff88e500000 - 0x00007ff88e525000 	C:\Program Files\Java\jdk-17\bin\java.dll
0x00007ff873d60000 - 0x00007ff873e37000 	C:\Program Files\Java\jdk-17\bin\jsvml.dll
0x00007ff8bba90000 - 0x00007ff8bc1dd000 	C:\WINDOWS\System32\SHELL32.dll
0x00007ff8b9760000 - 0x00007ff8b98cb000 	C:\WINDOWS\System32\wintypes.dll
0x00007ff8b70c0000 - 0x00007ff8b791d000 	C:\WINDOWS\SYSTEM32\windows.storage.dll
0x00007ff8baac0000 - 0x00007ff8babb2000 	C:\WINDOWS\System32\SHCORE.dll
0x00007ff8bac10000 - 0x00007ff8bac72000 	C:\WINDOWS\System32\shlwapi.dll
0x00007ff8b93d0000 - 0x00007ff8b93f9000 	C:\WINDOWS\SYSTEM32\profapi.dll
0x00007ff8a22e0000 - 0x00007ff8a22f8000 	C:\Program Files\Java\jdk-17\bin\zip.dll
0x00007ff8a2290000 - 0x00007ff8a22a9000 	C:\Program Files\Java\jdk-17\bin\net.dll
0x00007ff8abd20000 - 0x00007ff8abe3f000 	C:\WINDOWS\SYSTEM32\WINHTTP.dll
0x00007ff8b8790000 - 0x00007ff8b87fb000 	C:\WINDOWS\system32\mswsock.dll
0x00007ff8a18c0000 - 0x00007ff8a18d6000 	C:\Program Files\Java\jdk-17\bin\nio.dll
0x00007ff8b7dd0000 - 0x00007ff8b7ef6000 	C:\WINDOWS\SYSTEM32\DNSAPI.dll
0x00007ff8b7d90000 - 0x00007ff8b7dc4000 	C:\WINDOWS\SYSTEM32\IPHLPAPI.DLL
0x00007ff8babc0000 - 0x00007ff8babca000 	C:\WINDOWS\System32\NSI.dll
0x00007ff8ab830000 - 0x00007ff8ab83b000 	C:\Windows\System32\rasadhlp.dll
0x00007ff8b0440000 - 0x00007ff8b04c6000 	C:\WINDOWS\System32\fwpuclnt.dll
0x00007ff8a1820000 - 0x00007ff8a182a000 	C:\Program Files\Java\jdk-17\bin\management.dll
0x00007ff8a0a90000 - 0x00007ff8a0a9b000 	C:\Program Files\Java\jdk-17\bin\management_ext.dll
0x00007ff8b8b70000 - 0x00007ff8b8b8b000 	C:\WINDOWS\SYSTEM32\CRYPTSP.dll
0x00007ff8b81a0000 - 0x00007ff8b81db000 	C:\WINDOWS\system32\rsaenh.dll
0x00007ff8b8830000 - 0x00007ff8b885b000 	C:\WINDOWS\SYSTEM32\USERENV.dll
0x00007ff8b93a0000 - 0x00007ff8b93c6000 	C:\WINDOWS\SYSTEM32\bcrypt.dll
0x00007ff8b89d0000 - 0x00007ff8b89dc000 	C:\WINDOWS\SYSTEM32\CRYPTBASE.dll
0x00007ff8abea0000 - 0x00007ff8abebe000 	C:\WINDOWS\SYSTEM32\dhcpcsvc6.DLL
0x00007ff8abe60000 - 0x00007ff8abe83000 	C:\WINDOWS\SYSTEM32\dhcpcsvc.DLL
0x00007ff88e060000 - 0x00007ff88e078000 	C:\WINDOWS\system32\napinsp.dll
0x00007ff88e0a0000 - 0x00007ff88e0b2000 	C:\WINDOWS\System32\winrnr.dll
0x00007ff88e180000 - 0x00007ff88e1a8000 	C:\WINDOWS\system32\nlansp_c.dll
0x00007ff8ab880000 - 0x00007ff8ab896000 	C:\WINDOWS\system32\wshbth.dll

dbghelp: loaded successfully - version: 4.0.5 - missing functions: none
symbol engine: initialized successfully - sym options: 0x614 - pdb path: .;C:\Program Files\Java\jdk-17\bin;C:\WINDOWS\SYSTEM32;C:\WINDOWS\WinSxS\amd64_microsoft.windows.common-controls_6595b64144ccf1df_6.0.26100.6899_none_3e0efeeae32e88c1;C:\Program Files\Java\jdk-17\bin\server

VM Arguments:
jvm_args: -XX:TieredStopAtLevel=1 -Dspring.output.ansi.enabled=always -Dcom.sun.management.jmxremote -Dspring.jmx.enabled=true -Dspring.liveBeansView.mbeanDomain -Dspring.application.admin.enabled=true -Dmanagement.endpoints.jmx.exposure.include=* -javaagent:C:\Program Files\JetBrains\IntelliJ IDEA 2025.2.3\lib\idea_rt.jar=58468 -Dfile.encoding=UTF-8 
java_command: mx.ipn.escom.transactionservice.TransactionServiceApplication
java_class_path (initial): C:\Users\Lenovo\Desktop\8vo\DISTRIBUIDOS\PFinal\transaction-service\target\classes;C:\Users\Lenovo\.m2\repository\org\springframework\boot\spring-boot-starter-jdbc\3.2.6\spring-boot-starter-jdbc-3.2.6.jar;C:\Users\Lenovo\.m2\repository\org\springframework\boot\spring-boot-starter\3.2.6\spring-boot-starter-3.2.6.jar;C:\Users\Lenovo\.m2\repository\org\springframework\boot\spring-boot-starter-logging\3.2.6\spring-boot-starter-logging-3.2.6.jar;C:\Users\Lenovo\.m2\repository\ch\qos\logback\logback-classic\1.4.14\logback-classic-1.4.14.jar;C:\Users\Lenovo\.m2\repository\ch\qos\logback\logback-core\1.4.14\logback-core-1.4.14.jar;C:\Users\Lenovo\.m2\repository\org\apache\logging\log4j\log4j-to-slf4j\2.21.1\log4j-to-slf4j-2.21.1.jar;C:\Users\Lenovo\.m2\repository\org\apache\logging\log4j\log4j-api\2.21.1\log4j-api-2.21.1.jar;C:\Users\Lenovo\.m2\repository\org\slf4j\jul-to-slf4j\2.0.13\jul-to-slf4j-2.0.13.jar;C:\Users\Lenovo\.m2\repository\jakarta\annotation\jakarta.annotation-api\2.1.1\jakarta.annotation-api-2.1.1.jar;C:\Users\Lenovo\.m2\repository\org\yaml\snakeyaml\2.2\snakeyaml-2.2.jar;C:\Users\Lenovo\.m2\repository\com\zaxxer\HikariCP\5.0.1\HikariCP-5.0.1.jar;C:\Users\Lenovo\.m2\repository\org\slf4j\slf4j-api\2.0.13\slf4j-api-2.0.13.jar;C:\Users\Lenovo\.m2\repository\org\springframework\spring-jdbc\6.1.8\spring-jdbc-6.1.8.jar;C:\Users\Lenovo\.m2\repository\org\springframework\spring-beans\6.1.8\spring-beans-6.1.8.jar;C:\Users\Lenovo\.m2\repository\org\springframework\spring-tx\6.1.8\spring-tx-6.1.8.jar;C:\Users\Lenovo\.m2\repository\org\postgresql\postgresql\42.6.2\postgresql-42.6.2.jar;C:\Users\Lenovo\.m2\repository\org\checkerframework\checker-qual\3.31.0\checker-qual-3.31.0.jar;C:\Users\Lenovo\.m2\repository\com\google\cloud\google-cloud-pubsub\1.132.0\google-cloud-pubsub-1.132.0.jar;C:\Users\Lenovo\.m2\repository\io\grpc\grpc-api\1.65.1\grpc-api-1.65.1.jar;C:\Users\Lenovo\.m2\repository\io\grpc\grpc-stub\1.65.1\grpc-stub-1.65.1.jar;C:\Us
Launcher Type: SUN_STANDARD

[Global flags]
     intx CICompilerCount                          = 3                                         {product} {ergonomic}
     uint ConcGCThreads                            = 1                                         {product} {ergonomic}
     uint G1ConcRefinementThreads                  = 4                                         {product} {ergonomic}
   size_t G1HeapRegionSize                         = 2097152                                   {product} {ergonomic}
    uintx GCDrainStackTargetSize                   = 64                                        {product} {ergonomic}
   size_t InitialHeapSize                          = 264241152                                 {product} {ergonomic}
     bool ManagementServer                         = true                                      {product} {command line}
   size_t MarkStackSize                            = 4194304                                   {product} {ergonomic}
   size_t MaxHeapSize                              = 4217372672                                {product} {ergonomic}
   size_t MaxNewSize                               = 2529165312                                {product} {ergonomic}
   size_t MinHeapDeltaBytes                        = 2097152                                   {product} {ergonomic}
   size_t MinHeapSize                              = 8388608                                   {product} {ergonomic}
    uintx NonProfiledCodeHeapSize                  = 0                                      {pd product} {ergonomic}
     bool ProfileInterpreter                       = false                                  {pd product} {command line}
    uintx ProfiledCodeHeapSize                     = 0                                      {pd product} {ergonomic}
   size_t SoftMaxHeapSize                          = 4217372672                             {manageable} {ergonomic}
     intx TieredStopAtLevel                        = 1                                         {product} {command line}
     bool UseCompressedClassPointers               = true                           {product lp64_product} {ergonomic}
     bool UseCompressedOops                        = true                           {product lp64_product} {ergonomic}
     bool UseG1GC                                  = true                                      {product} {ergonomic}
     bool UseLargePagesIndividualAllocation        = false                                  {pd product} {ergonomic}

Logging:
Log output configuration:
 #0: stdout all=warning uptime,level,tags
 #1: stderr all=off uptime,level,tags

Environment Variables:
JAVA_HOME=C:\Program Files\Java\jdk-17
PATH=C:\Program Files (x86)\VMware\VMware Workstation\bin\;C:\Program Files\Common Files\Oracle\Java\javapath;C:\Program Files (x86)\Common Files\Oracle\Java\java8path;C:\Program Files (x86)\Common Files\Oracle\Java\javapath;C:\WINDOWS\system32;C:\WINDOWS;C:\WINDOWS\System32\Wbem;C:\WINDOWS\System32\WindowsPowerShell\v1.0\;C:\WINDOWS\System32\OpenSSH\;C:\Program Files\dotnet\;C:\Program Files (x86)\IVI Foundation\VISA\WinNT\Bin\;C:\Program Files\IVI Foundation\VISA\Win64\Bin\;C:\Program Files (x86)\National Instruments\Shared\LabVIEW CLI;C:\Program Files (x86)\IVI Foundation\IVI\Bin\;C:\Program Files\IVI Foundation\IVI\Bin\;C:\Program Files (x86)\IVI Foundation\VISA\WinNT\Bin;C:\Program Files\nodejs\;C:\Program Files\Microsoft SQL Server\150\Tools\Binn\;C:\Program Files\Microsoft SQL Server\Client SDK\ODBC\170\Tools\Binn\;C:\Program Files (x86)\Windows Kits\10\Windows Performance Toolkit\;C:\Program Files\Git\cmd;C:\Program Files\PuTTY\;C:\Users\Lenovo\AppData\Local\Programs\Python\Python313\Scripts\;C:\Users\Lenovo\AppData\Local\Programs\Python\Python313\;C:\Users\Lenovo\AppData\Local\Microsoft\WindowsApps;C:\Users\Lenovo\AppData\Local\Programs\Microsoft VS Code\bin;C:\Program Files\Java\jdk-17\bin;C:\MinGW\bin;C:\intelFPGA\18.1\modelsim_ase\win32aloem;C:\Users\Lenovo\AppData\Roaming\npm;C:\Users\Lenovo\.dotnet\tools;C:\Program Files\JetBrains\IntelliJ IDEA Community Edition 2025.1.3\bin;;C:\Users\Lenovo\AppData\Local\JetBrains\PyCharm Community Edition 2025.1.3.1\bin;;C:\Program Files\MySQL\MySQL Server 8.0\bin;C:\Program Files\JetBrains\IntelliJ IDEA 2025.2.3\bin;C:\apache-maven-3.9.11\bin;C:\Users\Lenovo\AppData\Local\Google\Cloud SDK\google-cloud-sdk\bin
USERNAME=Lenovo
OS=Windows_NT
PROCESSOR_IDENTIFIER=Intel64 Family 6 Model 140 Stepping 1, GenuineIntel



---------------  S Y S T E M  ---------------

OS:
 Windows 11 , 64 bit Build 26100 (10.0.26100.6725)
OS uptime: 0 days 9:15 hours
Hyper-V role detected

CPU: total 4 (initial active 4) (4 cores per cpu, 2 threads per core) family 6 model 140 stepping 1 microcode 0x86, cx8, cmov, fxsr, ht, mmx, 3dnowpref, sse, sse2, sse3, ssse3, sse4.1, sse4.2, popcnt, lzcnt, tsc, tscinvbit, avx, avx2, aes, erms, clmul, bmi1, bmi2, adx, avx512f, avx512dq, avx512cd, avx512bw, avx512vl, sha, fma, vzeroupper, avx512_vpopcntdq, avx512_vpclmulqdq, avx512_vaes, avx512_vnni, clflush, clflushopt, clwb, avx512_vbmi2, avx512_vbmi, hv

Memory: 4k page, system-wide physical 16082M (1968M free)
TotalPageFile size 21894M (AvailPageFile size 0M)
current process WorkingSet (physical memory assigned to process): 68M, peak: 68M
current process commit charge ("private bytes"): 341M, peak: 341M

vm_info: Java HotSpot(TM) 64-Bit Server VM (17.0.12+8-LTS-286) for windows-amd64 JRE (17.0.12+8-LTS-286), built on Jun  5 2024 06:46:59 by "mach5one" with MS VC++ 17.6 (VS2022)

END.
