#
# There is insufficient memory for the Java Runtime Environment to continue.
# Native memory allocation (mmap) failed to map 65536 bytes for Failed to commit metaspace.
# Possible reasons:
#   The system is out of physical RAM or swap space
#   The process is running with CompressedOops enabled, and the Java Heap may be blocking the growth of the native heap
# Possible solutions:
#   Reduce memory load on the system
#   Increase physical memory or swap space
#   Check if swap backing store is full
#   Decrease Java heap size (-Xmx/-Xms)
#   Decrease number of Java threads
#   Decrease Java thread stack sizes (-Xss)
#   Set larger code cache with -XX:ReservedCodeCacheSize=
#   JVM is running with Zero Based Compressed Oops mode in which the Java heap is
#     placed in the first 32GB address space. The Java Heap base address is the
#     maximum limit for the native heap growth. Please use -XX:HeapBaseMinAddress
#     to set the Java Heap base and to place the Java Heap above 32GB virtual address.
# This output file may be truncated or incomplete.
#
#  Out of Memory Error (virtualSpaceNode.cpp:110), pid=1764, tid=13396
#
# JRE version: Java(TM) SE Runtime Environment (17.0.12+8) (build 17.0.12+8-LTS-286)
# Java VM: Java HotSpot(TM) 64-Bit Server VM (17.0.12+8-LTS-286, mixed mode, emulated-client, sharing, tiered, compressed oops, compressed class ptrs, g1 gc, windows-amd64)
# No core dump will be written. Minidumps are not enabled by default on client versions of Windows
#

---------------  S U M M A R Y ------------

Command Line: -XX:TieredStopAtLevel=1 -Dspring.output.ansi.enabled=always -Dcom.sun.management.jmxremote -Dspring.jmx.enabled=true -Dspring.liveBeansView.mbeanDomain -Dspring.application.admin.enabled=true -Dmanagement.endpoints.jmx.exposure.include=* -javaagent:C:\Program Files\JetBrains\IntelliJ IDEA 2025.2.3\lib\idea_rt.jar=63325 -Dfile.encoding=UTF-8 mx.ipn.escom.authservice.AuthServiceApplication

Host: 11th Gen Intel(R) Core(TM) i7-1165G7 @ 2.80GHz, 4 cores, 15G,  Windows 11 , 64 bit Build 26100 (10.0.26100.6725)
Time: Tue Dec 30 23:07:24 2025 Central Standard Time (Mexico) elapsed time: 1.261925 seconds (0d 0h 0m 1s)

---------------  T H R E A D  ---------------

Current thread (0x000001ae55ac1ff0):  JavaThread "restartedMain" [_thread_in_vm, id=13396, stack(0x0000008411300000,0x0000008411400000)]

Stack: [0x0000008411300000,0x0000008411400000]
Native frames: (J=compiled Java code, j=interpreted, Vv=VM code, C=native code)
V  [jvm.dll+0x67a04a]
V  [jvm.dll+0x7da4ed]
V  [jvm.dll+0x7dbe33]
V  [jvm.dll+0x7dc4a3]
V  [jvm.dll+0x24508f]
V  [jvm.dll+0x7d60bb]
V  [jvm.dll+0x6206c6]
V  [jvm.dll+0x1bed07]
V  [jvm.dll+0x623022]
V  [jvm.dll+0x621086]
V  [jvm.dll+0x62af77]
V  [jvm.dll+0x1e84b2]
V  [jvm.dll+0x1e89d5]
V  [jvm.dll+0x1e931b]
V  [jvm.dll+0x1dea41]
V  [jvm.dll+0x53f78c]
V  [jvm.dll+0x7553b8]
V  [jvm.dll+0x7554a4]
V  [jvm.dll+0x40d1af]
V  [jvm.dll+0x413c39]
C  [java.dll+0x17ec]

Java frames: (J=compiled Java code, j=interpreted, Vv=VM code)
J 1135  java.lang.ClassLoader.defineClass1(Ljava/lang/ClassLoader;Ljava/lang/String;[BIILjava/security/ProtectionDomain;Ljava/lang/String;)Ljava/lang/Class; java.base@17.0.12 (0 bytes) @ 0x000001ae46cab2e3 [0x000001ae46cab220+0x00000000000000c3]
J 1256 c1 java.lang.ClassLoader.defineClass(Ljava/lang/String;[BIILjava/security/ProtectionDomain;)Ljava/lang/Class; java.base@17.0.12 (43 bytes) @ 0x000001ae46cd8bec [0x000001ae46cd8ae0+0x000000000000010c]
J 1149 c1 jdk.internal.loader.BuiltinClassLoader.defineClass(Ljava/lang/String;Ljdk/internal/loader/Resource;)Ljava/lang/Class; java.base@17.0.12 (121 bytes) @ 0x000001ae46cb4574 [0x000001ae46cb40a0+0x00000000000004d4]
J 1144 c1 jdk.internal.loader.BuiltinClassLoader.findClassOnClassPathOrNull(Ljava/lang/String;)Ljava/lang/Class; java.base@17.0.12 (64 bytes) @ 0x000001ae46cb1ac4 [0x000001ae46cb1800+0x00000000000002c4]
J 896 c1 jdk.internal.loader.BuiltinClassLoader.loadClassOrNull(Ljava/lang/String;Z)Ljava/lang/Class; java.base@17.0.12 (143 bytes) @ 0x000001ae46c44c04 [0x000001ae46c44780+0x0000000000000484]
J 1035 c1 jdk.internal.loader.ClassLoaders$AppClassLoader.loadClass(Ljava/lang/String;Z)Ljava/lang/Class; java.base@17.0.12 (40 bytes) @ 0x000001ae46c82eac [0x000001ae46c82d60+0x000000000000014c]
J 1034 c1 java.lang.ClassLoader.loadClass(Ljava/lang/String;)Ljava/lang/Class; java.base@17.0.12 (7 bytes) @ 0x000001ae46c822e4 [0x000001ae46c822a0+0x0000000000000044]
v  ~StubRoutines::call_stub
J 910  java.lang.Class.forName0(Ljava/lang/String;ZLjava/lang/ClassLoader;Ljava/lang/Class;)Ljava/lang/Class; java.base@17.0.12 (0 bytes) @ 0x000001ae46c4cdaf [0x000001ae46c4cd20+0x000000000000008f]
J 911 c1 java.lang.Class.forName(Ljava/lang/String;ZLjava/lang/ClassLoader;)Ljava/lang/Class; java.base@17.0.12 (47 bytes) @ 0x000001ae46c4d33c [0x000001ae46c4d240+0x00000000000000fc]
j  org.springframework.boot.devtools.restart.classloader.RestartClassLoader.loadClass(Ljava/lang/String;Z)Ljava/lang/Class;+90
J 1034 c1 java.lang.ClassLoader.loadClass(Ljava/lang/String;)Ljava/lang/Class; java.base@17.0.12 (7 bytes) @ 0x000001ae46c822e4 [0x000001ae46c822a0+0x0000000000000044]
v  ~StubRoutines::call_stub
J 910  java.lang.Class.forName0(Ljava/lang/String;ZLjava/lang/ClassLoader;Ljava/lang/Class;)Ljava/lang/Class; java.base@17.0.12 (0 bytes) @ 0x000001ae46c4cdaf [0x000001ae46c4cd20+0x000000000000008f]
J 911 c1 java.lang.Class.forName(Ljava/lang/String;ZLjava/lang/ClassLoader;)Ljava/lang/Class; java.base@17.0.12 (47 bytes) @ 0x000001ae46c4d33c [0x000001ae46c4d240+0x00000000000000fc]
j  org.springframework.util.ClassUtils.forName(Ljava/lang/String;Ljava/lang/ClassLoader;)Ljava/lang/Class;+164
j  org.springframework.util.ClassUtils.isPresent(Ljava/lang/String;Ljava/lang/ClassLoader;)Z+2
j  org.springframework.boot.devtools.env.DevToolsHomePropertiesPostProcessor.<clinit>()V+48
v  ~StubRoutines::call_stub
j  jdk.internal.reflect.NativeConstructorAccessorImpl.newInstance0(Ljava/lang/reflect/Constructor;[Ljava/lang/Object;)Ljava/lang/Object;+0 java.base@17.0.12
j  jdk.internal.reflect.NativeConstructorAccessorImpl.newInstance([Ljava/lang/Object;)Ljava/lang/Object;+118 java.base@17.0.12
j  jdk.internal.reflect.DelegatingConstructorAccessorImpl.newInstance([Ljava/lang/Object;)Ljava/lang/Object;+5 java.base@17.0.12
J 1346 c1 java.lang.reflect.Constructor.newInstanceWithCaller([Ljava/lang/Object;ZLjava/lang/Class;)Ljava/lang/Object; java.base@17.0.12 (75 bytes) @ 0x000001ae46d033b4 [0x000001ae46d032e0+0x00000000000000d4]
j  java.lang.reflect.Constructor.newInstance([Ljava/lang/Object;)Ljava/lang/Object;+30 java.base@17.0.12
j  org.springframework.core.io.support.SpringFactoriesLoader$FactoryInstantiator.instantiate(Lorg/springframework/core/io/support/SpringFactoriesLoader$ArgumentResolver;)Ljava/lang/Object;+33
j  org.springframework.core.io.support.SpringFactoriesLoader.instantiateFactory(Ljava/lang/String;Ljava/lang/Class;Lorg/springframework/core/io/support/SpringFactoriesLoader$ArgumentResolver;Lorg/springframework/core/io/support/SpringFactoriesLoader$FailureHandler;)Ljava/lang/Object;+36
j  org.springframework.core.io.support.SpringFactoriesLoader.load(Ljava/lang/Class;Lorg/springframework/core/io/support/SpringFactoriesLoader$ArgumentResolver;Lorg/springframework/core/io/support/SpringFactoriesLoader$FailureHandler;)Ljava/util/List;+99
j  org.springframework.core.io.support.SpringFactoriesLoader.load(Ljava/lang/Class;Lorg/springframework/core/io/support/SpringFactoriesLoader$ArgumentResolver;)Ljava/util/List;+4
j  org.springframework.boot.env.SpringFactoriesEnvironmentPostProcessorsFactory.getEnvironmentPostProcessors(Lorg/springframework/boot/logging/DeferredLogFactory;Lorg/springframework/boot/ConfigurableBootstrapContext;)Ljava/util/List;+44
j  org.springframework.boot.env.EnvironmentPostProcessorApplicationListener.getEnvironmentPostProcessors(Lorg/springframework/core/io/ResourceLoader;Lorg/springframework/boot/ConfigurableBootstrapContext;)Ljava/util/List;+37
j  org.springframework.boot.env.EnvironmentPostProcessorApplicationListener.onApplicationEnvironmentPreparedEvent(Lorg/springframework/boot/context/event/ApplicationEnvironmentPreparedEvent;)V+19
j  org.springframework.boot.env.EnvironmentPostProcessorApplicationListener.onApplicationEvent(Lorg/springframework/context/ApplicationEvent;)V+14
j  org.springframework.context.event.SimpleApplicationEventMulticaster.doInvokeListener(Lorg/springframework/context/ApplicationListener;Lorg/springframework/context/ApplicationEvent;)V+2
j  org.springframework.context.event.SimpleApplicationEventMulticaster.invokeListener(Lorg/springframework/context/ApplicationListener;Lorg/springframework/context/ApplicationEvent;)V+34
j  org.springframework.context.event.SimpleApplicationEventMulticaster.multicastEvent(Lorg/springframework/context/ApplicationEvent;Lorg/springframework/core/ResolvableType;)V+104
j  org.springframework.context.event.SimpleApplicationEventMulticaster.multicastEvent(Lorg/springframework/context/ApplicationEvent;)V+3
j  org.springframework.boot.context.event.EventPublishingRunListener.multicastInitialEvent(Lorg/springframework/context/ApplicationEvent;)V+9
j  org.springframework.boot.context.event.EventPublishingRunListener.environmentPrepared(Lorg/springframework/boot/ConfigurableBootstrapContext;Lorg/springframework/core/env/ConfigurableEnvironment;)V+18
j  org.springframework.boot.SpringApplicationRunListeners.lambda$environmentPrepared$2(Lorg/springframework/boot/ConfigurableBootstrapContext;Lorg/springframework/core/env/ConfigurableEnvironment;Lorg/springframework/boot/SpringApplicationRunListener;)V+3
j  org.springframework.boot.SpringApplicationRunListeners$$Lambda$173+0x000001ae5712be18.accept(Ljava/lang/Object;)V+12
j  java.lang.Iterable.forEach(Ljava/util/function/Consumer;)V+30 java.base@17.0.12
j  org.springframework.boot.SpringApplicationRunListeners.doWithListeners(Ljava/lang/String;Ljava/util/function/Consumer;Ljava/util/function/Consumer;)V+17
j  org.springframework.boot.SpringApplicationRunListeners.doWithListeners(Ljava/lang/String;Ljava/util/function/Consumer;)V+4
j  org.springframework.boot.SpringApplicationRunListeners.environmentPrepared(Lorg/springframework/boot/ConfigurableBootstrapContext;Lorg/springframework/core/env/ConfigurableEnvironment;)V+10
j  org.springframework.boot.SpringApplication.prepareEnvironment(Lorg/springframework/boot/SpringApplicationRunListeners;Lorg/springframework/boot/DefaultBootstrapContext;Lorg/springframework/boot/ApplicationArguments;)Lorg/springframework/core/env/ConfigurableEnvironment;+27
j  org.springframework.boot.SpringApplication.run([Ljava/lang/String;)Lorg/springframework/context/ConfigurableApplicationContext;+62
j  org.springframework.boot.SpringApplication.run([Ljava/lang/Class;[Ljava/lang/String;)Lorg/springframework/context/ConfigurableApplicationContext;+9
j  org.springframework.boot.SpringApplication.run(Ljava/lang/Class;[Ljava/lang/String;)Lorg/springframework/context/ConfigurableApplicationContext;+9
j  mx.ipn.escom.authservice.AuthServiceApplication.main([Ljava/lang/String;)V+3
v  ~StubRoutines::call_stub
j  jdk.internal.reflect.NativeMethodAccessorImpl.invoke0(Ljava/lang/reflect/Method;Ljava/lang/Object;[Ljava/lang/Object;)Ljava/lang/Object;+0 java.base@17.0.12
j  jdk.internal.reflect.NativeMethodAccessorImpl.invoke(Ljava/lang/Object;[Ljava/lang/Object;)Ljava/lang/Object;+133 java.base@17.0.12
j  jdk.internal.reflect.DelegatingMethodAccessorImpl.invoke(Ljava/lang/Object;[Ljava/lang/Object;)Ljava/lang/Object;+6 java.base@17.0.12
j  java.lang.reflect.Method.invoke(Ljava/lang/Object;[Ljava/lang/Object;)Ljava/lang/Object;+59 java.base@17.0.12
j  org.springframework.boot.devtools.restart.RestartLauncher.run()V+47
v  ~StubRoutines::call_stub

---------------  P R O C E S S  ---------------

Threads class SMR info:
_java_thread_list=0x000001ae9b8970a0, length=18, elements={
0x000001ae3efcf770, 0x000001ae558ac650, 0x000001ae558af220, 0x000001ae558bd260,
0x000001ae558bfc30, 0x000001ae558c05f0, 0x000001ae558c0fb0, 0x000001ae558c1970,
0x000001ae55a00430, 0x000001ae55ac2a10, 0x000001ae558965d0, 0x000001ae55896af0,
0x000001ae55ac3940, 0x000001ae55ac0bb0, 0x000001ae55ac1ae0, 0x000001ae55ac3430,
0x000001ae55ac1ff0, 0x000001ae55ac4360
}

Java Threads: ( => current thread )
  0x000001ae3efcf770 JavaThread "main" [_thread_blocked, id=19496, stack(0x000000840f800000,0x000000840f900000)]
  0x000001ae558ac650 JavaThread "Reference Handler" daemon [_thread_blocked, id=7964, stack(0x000000840ff00000,0x0000008410000000)]
  0x000001ae558af220 JavaThread "Finalizer" daemon [_thread_blocked, id=16112, stack(0x0000008410000000,0x0000008410100000)]
  0x000001ae558bd260 JavaThread "Signal Dispatcher" daemon [_thread_blocked, id=13004, stack(0x0000008410100000,0x0000008410200000)]
  0x000001ae558bfc30 JavaThread "Attach Listener" daemon [_thread_blocked, id=7700, stack(0x0000008410200000,0x0000008410300000)]
  0x000001ae558c05f0 JavaThread "Service Thread" daemon [_thread_blocked, id=19348, stack(0x0000008410300000,0x0000008410400000)]
  0x000001ae558c0fb0 JavaThread "Monitor Deflation Thread" daemon [_thread_blocked, id=9512, stack(0x0000008410400000,0x0000008410500000)]
  0x000001ae558c1970 JavaThread "C1 CompilerThread0" daemon [_thread_blocked, id=10400, stack(0x0000008410500000,0x0000008410600000)]
  0x000001ae55a00430 JavaThread "Sweeper thread" daemon [_thread_blocked, id=10180, stack(0x0000008410600000,0x0000008410700000)]
  0x000001ae55ac2a10 JavaThread "Common-Cleaner" daemon [_thread_blocked, id=15000, stack(0x0000008410700000,0x0000008410800000)]
  0x000001ae558965d0 JavaThread "C1 CompilerThread1" daemon [_thread_blocked, id=6364, stack(0x0000008410800000,0x0000008410900000)]
  0x000001ae55896af0 JavaThread "C1 CompilerThread2" daemon [_thread_blocked, id=20876, stack(0x0000008410900000,0x0000008410a00000)]
  0x000001ae55ac3940 JavaThread "Monitor Ctrl-Break" daemon [_thread_in_native, id=12016, stack(0x0000008410a00000,0x0000008410b00000)]
  0x000001ae55ac0bb0 JavaThread "Notification Thread" daemon [_thread_blocked, id=700, stack(0x0000008410b00000,0x0000008410c00000)]
  0x000001ae55ac1ae0 JavaThread "RMI TCP Accept-0" daemon [_thread_in_native, id=12760, stack(0x0000008410c00000,0x0000008410d00000)]
  0x000001ae55ac3430 JavaThread "Thread-0" [_thread_blocked, id=13032, stack(0x0000008411200000,0x0000008411300000)]
=>0x000001ae55ac1ff0 JavaThread "restartedMain" [_thread_in_vm, id=13396, stack(0x0000008411300000,0x0000008411400000)]
  0x000001ae55ac4360 JavaThread "RMI TCP Connection(idle)" daemon [_thread_in_vm, id=11628, stack(0x0000008411400000,0x0000008411500000)]

Other Threads:
  0x000001ae558a4b90 VMThread "VM Thread" [stack: 0x000000840fe00000,0x000000840ff00000] [id=3060]
  0x000001ae3efd0400 WatcherThread [stack: 0x0000008410d00000,0x0000008410e00000] [id=18872]
  0x000001ae3f038b90 GCTaskThread "GC Thread#0" [stack: 0x000000840f900000,0x000000840fa00000] [id=11136]
  0x000001ae9b7a2c90 GCTaskThread "GC Thread#1" [stack: 0x0000008410e00000,0x0000008410f00000] [id=16060]
  0x000001ae9b798540 GCTaskThread "GC Thread#2" [stack: 0x0000008410f00000,0x0000008411000000] [id=17124]
  0x000001ae9b798800 GCTaskThread "GC Thread#3" [stack: 0x0000008411000000,0x0000008411100000] [id=19692]
  0x000001ae3f04a640 ConcurrentGCThread "G1 Main Marker" [stack: 0x000000840fa00000,0x000000840fb00000] [id=15668]
  0x000001ae3f04c4c0 ConcurrentGCThread "G1 Conc#0" [stack: 0x000000840fb00000,0x000000840fc00000] [id=20952]
  0x000001ae3f08cff0 ConcurrentGCThread "G1 Refine#0" [stack: 0x000000840fc00000,0x000000840fd00000] [id=12520]
  0x000001ae9b7b8940 ConcurrentGCThread "G1 Refine#1" [stack: 0x0000008411100000,0x0000008411200000] [id=17212]
  0x000001ae3f08db80 ConcurrentGCThread "G1 Service" [stack: 0x000000840fd00000,0x000000840fe00000] [id=6120]

Threads with active compile tasks:

VM state: not at safepoint (normal execution)

VM Mutex/Monitor currently owned by a thread:  ([mutex/lock_event])
[0x000001ae3efcaab0] Metaspace_lock - owner thread: 0x000001ae55ac1ff0

Heap address: 0x0000000704a00000, size: 4022 MB, Compressed Oops mode: Zero based, Oop shift amount: 3

CDS archive(s) mapped at: [0x000001ae56000000-0x000001ae56bd0000-0x000001ae56bd0000), size 12386304, SharedBaseAddress: 0x000001ae56000000, ArchiveRelocationMode: 1.
Compressed class space mapped at: 0x000001ae57000000-0x000001ae97000000, reserved size: 1073741824
Narrow klass base: 0x000001ae56000000, Narrow klass shift: 0, Narrow klass range: 0x100000000

GC Precious Log:
 CPUs: 4 total, 4 available
 Memory: 16082M
 Large Page Support: Disabled
 NUMA Support: Disabled
 Compressed Oops: Enabled (Zero based)
 Heap Region Size: 2M
 Heap Min Capacity: 8M
 Heap Initial Capacity: 252M
 Heap Max Capacity: 4022M
 Pre-touch: Disabled
 Parallel Workers: 4
 Concurrent Workers: 1
 Concurrent Refinement Workers: 4
 Periodic GC: Disabled

Heap:
 garbage-first heap   total 258048K, used 9483K [0x0000000704a00000, 0x0000000800000000)
  region size 2048K, 4 young (8192K), 1 survivors (2048K)
 Metaspace       used 8498K, committed 8640K, reserved 1114112K
  class space    used 1089K, committed 1152K, reserved 1048576K

Heap Regions: E=young(eden), S=young(survivor), O=old, HS=humongous(starts), HC=humongous(continues), CS=collection set, F=free, OA=open archive, CA=closed archive, TAMS=top-at-mark-start (previous, next)
|   0|0x0000000704a00000, 0x0000000704c00000, 0x0000000704c00000|100%| O|  |TAMS 0x0000000704a00000, 0x0000000704a00000| Untracked 
|   1|0x0000000704c00000, 0x0000000704e00000, 0x0000000704e00000|100%| O|  |TAMS 0x0000000704c00000, 0x0000000704c00000| Untracked 
|   2|0x0000000704e00000, 0x0000000704e56000, 0x0000000705000000| 16%| O|  |TAMS 0x0000000704e00000, 0x0000000704e00000| Untracked 
|   3|0x0000000705000000, 0x0000000705000000, 0x0000000705200000|  0%| F|  |TAMS 0x0000000705000000, 0x0000000705000000| Untracked 
|   4|0x0000000705200000, 0x0000000705200000, 0x0000000705400000|  0%| F|  |TAMS 0x0000000705200000, 0x0000000705200000| Untracked 
|   5|0x0000000705400000, 0x0000000705400000, 0x0000000705600000|  0%| F|  |TAMS 0x0000000705400000, 0x0000000705400000| Untracked 
|   6|0x0000000705600000, 0x0000000705600000, 0x0000000705800000|  0%| F|  |TAMS 0x0000000705600000, 0x0000000705600000| Untracked 
|   7|0x0000000705800000, 0x0000000705800000, 0x0000000705a00000|  0%| F|  |TAMS 0x0000000705800000, 0x0000000705800000| Untracked 
|   8|0x0000000705a00000, 0x0000000705a00000, 0x0000000705c00000|  0%| F|  |TAMS 0x0000000705a00000, 0x0000000705a00000| Untracked 
|   9|0x0000000705c00000, 0x0000000705c00000, 0x0000000705e00000|  0%| F|  |TAMS 0x0000000705c00000, 0x0000000705c00000| Untracked 
|  10|0x0000000705e00000, 0x0000000705e00000, 0x0000000706000000|  0%| F|  |TAMS 0x0000000705e00000, 0x0000000705e00000| Untracked 
|  11|0x0000000706000000, 0x0000000706000000, 0x0000000706200000|  0%| F|  |TAMS 0x0000000706000000, 0x0000000706000000| Untracked 
|  12|0x0000000706200000, 0x0000000706200000, 0x0000000706400000|  0%| F|  |TAMS 0x0000000706200000, 0x0000000706200000| Untracked 
|  13|0x0000000706400000, 0x0000000706400000, 0x0000000706600000|  0%| F|  |TAMS 0x0000000706400000, 0x0000000706400000| Untracked 
|  14|0x0000000706600000, 0x0000000706600000, 0x0000000706800000|  0%| F|  |TAMS 0x0000000706600000, 0x0000000706600000| Untracked 
|  15|0x0000000706800000, 0x0000000706800000, 0x0000000706a00000|  0%| F|  |TAMS 0x0000000706800000, 0x0000000706800000| Untracked 
|  16|0x0000000706a00000, 0x0000000706a00000, 0x0000000706c00000|  0%| F|  |TAMS 0x0000000706a00000, 0x0000000706a00000| Untracked 
|  17|0x0000000706c00000, 0x0000000706c00000, 0x0000000706e00000|  0%| F|  |TAMS 0x0000000706c00000, 0x0000000706c00000| Untracked 
|  18|0x0000000706e00000, 0x0000000706e00000, 0x0000000707000000|  0%| F|  |TAMS 0x0000000706e00000, 0x0000000706e00000| Untracked 
|  19|0x0000000707000000, 0x0000000707000000, 0x0000000707200000|  0%| F|  |TAMS 0x0000000707000000, 0x0000000707000000| Untracked 
|  20|0x0000000707200000, 0x0000000707200000, 0x0000000707400000|  0%| F|  |TAMS 0x0000000707200000, 0x0000000707200000| Untracked 
|  21|0x0000000707400000, 0x0000000707400000, 0x0000000707600000|  0%| F|  |TAMS 0x0000000707400000, 0x0000000707400000| Untracked 
|  22|0x0000000707600000, 0x0000000707600000, 0x0000000707800000|  0%| F|  |TAMS 0x0000000707600000, 0x0000000707600000| Untracked 
|  23|0x0000000707800000, 0x0000000707800000, 0x0000000707a00000|  0%| F|  |TAMS 0x0000000707800000, 0x0000000707800000| Untracked 
|  24|0x0000000707a00000, 0x0000000707a00000, 0x0000000707c00000|  0%| F|  |TAMS 0x0000000707a00000, 0x0000000707a00000| Untracked 
|  25|0x0000000707c00000, 0x0000000707c00000, 0x0000000707e00000|  0%| F|  |TAMS 0x0000000707c00000, 0x0000000707c00000| Untracked 
|  26|0x0000000707e00000, 0x0000000707e00000, 0x0000000708000000|  0%| F|  |TAMS 0x0000000707e00000, 0x0000000707e00000| Untracked 
|  27|0x0000000708000000, 0x0000000708000000, 0x0000000708200000|  0%| F|  |TAMS 0x0000000708000000, 0x0000000708000000| Untracked 
|  28|0x0000000708200000, 0x0000000708200000, 0x0000000708400000|  0%| F|  |TAMS 0x0000000708200000, 0x0000000708200000| Untracked 
|  29|0x0000000708400000, 0x0000000708400000, 0x0000000708600000|  0%| F|  |TAMS 0x0000000708400000, 0x0000000708400000| Untracked 
|  30|0x0000000708600000, 0x0000000708600000, 0x0000000708800000|  0%| F|  |TAMS 0x0000000708600000, 0x0000000708600000| Untracked 
|  31|0x0000000708800000, 0x0000000708800000, 0x0000000708a00000|  0%| F|  |TAMS 0x0000000708800000, 0x0000000708800000| Untracked 
|  32|0x0000000708a00000, 0x0000000708a00000, 0x0000000708c00000|  0%| F|  |TAMS 0x0000000708a00000, 0x0000000708a00000| Untracked 
|  33|0x0000000708c00000, 0x0000000708c00000, 0x0000000708e00000|  0%| F|  |TAMS 0x0000000708c00000, 0x0000000708c00000| Untracked 
|  34|0x0000000708e00000, 0x0000000708e00000, 0x0000000709000000|  0%| F|  |TAMS 0x0000000708e00000, 0x0000000708e00000| Untracked 
|  35|0x0000000709000000, 0x0000000709000000, 0x0000000709200000|  0%| F|  |TAMS 0x0000000709000000, 0x0000000709000000| Untracked 
|  36|0x0000000709200000, 0x0000000709200000, 0x0000000709400000|  0%| F|  |TAMS 0x0000000709200000, 0x0000000709200000| Untracked 
|  37|0x0000000709400000, 0x0000000709400000, 0x0000000709600000|  0%| F|  |TAMS 0x0000000709400000, 0x0000000709400000| Untracked 
|  38|0x0000000709600000, 0x0000000709600000, 0x0000000709800000|  0%| F|  |TAMS 0x0000000709600000, 0x0000000709600000| Untracked 
|  39|0x0000000709800000, 0x0000000709800000, 0x0000000709a00000|  0%| F|  |TAMS 0x0000000709800000, 0x0000000709800000| Untracked 
|  40|0x0000000709a00000, 0x0000000709a00000, 0x0000000709c00000|  0%| F|  |TAMS 0x0000000709a00000, 0x0000000709a00000| Untracked 
|  41|0x0000000709c00000, 0x0000000709c00000, 0x0000000709e00000|  0%| F|  |TAMS 0x0000000709c00000, 0x0000000709c00000| Untracked 
|  42|0x0000000709e00000, 0x0000000709e00000, 0x000000070a000000|  0%| F|  |TAMS 0x0000000709e00000, 0x0000000709e00000| Untracked 
|  43|0x000000070a000000, 0x000000070a000000, 0x000000070a200000|  0%| F|  |TAMS 0x000000070a000000, 0x000000070a000000| Untracked 
|  44|0x000000070a200000, 0x000000070a200000, 0x000000070a400000|  0%| F|  |TAMS 0x000000070a200000, 0x000000070a200000| Untracked 
|  45|0x000000070a400000, 0x000000070a400000, 0x000000070a600000|  0%| F|  |TAMS 0x000000070a400000, 0x000000070a400000| Untracked 
|  46|0x000000070a600000, 0x000000070a600000, 0x000000070a800000|  0%| F|  |TAMS 0x000000070a600000, 0x000000070a600000| Untracked 
|  47|0x000000070a800000, 0x000000070a800000, 0x000000070aa00000|  0%| F|  |TAMS 0x000000070a800000, 0x000000070a800000| Untracked 
|  48|0x000000070aa00000, 0x000000070aa00000, 0x000000070ac00000|  0%| F|  |TAMS 0x000000070aa00000, 0x000000070aa00000| Untracked 
|  49|0x000000070ac00000, 0x000000070ac00000, 0x000000070ae00000|  0%| F|  |TAMS 0x000000070ac00000, 0x000000070ac00000| Untracked 
|  50|0x000000070ae00000, 0x000000070ae00000, 0x000000070b000000|  0%| F|  |TAMS 0x000000070ae00000, 0x000000070ae00000| Untracked 
|  51|0x000000070b000000, 0x000000070b000000, 0x000000070b200000|  0%| F|  |TAMS 0x000000070b000000, 0x000000070b000000| Untracked 
|  52|0x000000070b200000, 0x000000070b200000, 0x000000070b400000|  0%| F|  |TAMS 0x000000070b200000, 0x000000070b200000| Untracked 
|  53|0x000000070b400000, 0x000000070b400000, 0x000000070b600000|  0%| F|  |TAMS 0x000000070b400000, 0x000000070b400000| Untracked 
|  54|0x000000070b600000, 0x000000070b600000, 0x000000070b800000|  0%| F|  |TAMS 0x000000070b600000, 0x000000070b600000| Untracked 
|  55|0x000000070b800000, 0x000000070b800000, 0x000000070ba00000|  0%| F|  |TAMS 0x000000070b800000, 0x000000070b800000| Untracked 
|  56|0x000000070ba00000, 0x000000070ba00000, 0x000000070bc00000|  0%| F|  |TAMS 0x000000070ba00000, 0x000000070ba00000| Untracked 
|  57|0x000000070bc00000, 0x000000070bc00000, 0x000000070be00000|  0%| F|  |TAMS 0x000000070bc00000, 0x000000070bc00000| Untracked 
|  58|0x000000070be00000, 0x000000070be00000, 0x000000070c000000|  0%| F|  |TAMS 0x000000070be00000, 0x000000070be00000| Untracked 
|  59|0x000000070c000000, 0x000000070c000000, 0x000000070c200000|  0%| F|  |TAMS 0x000000070c000000, 0x000000070c000000| Untracked 
|  60|0x000000070c200000, 0x000000070c200000, 0x000000070c400000|  0%| F|  |TAMS 0x000000070c200000, 0x000000070c200000| Untracked 
|  61|0x000000070c400000, 0x000000070c400000, 0x000000070c600000|  0%| F|  |TAMS 0x000000070c400000, 0x000000070c400000| Untracked 
|  62|0x000000070c600000, 0x000000070c600000, 0x000000070c800000|  0%| F|  |TAMS 0x000000070c600000, 0x000000070c600000| Untracked 
|  63|0x000000070c800000, 0x000000070c800000, 0x000000070ca00000|  0%| F|  |TAMS 0x000000070c800000, 0x000000070c800000| Untracked 
|  64|0x000000070ca00000, 0x000000070ca00000, 0x000000070cc00000|  0%| F|  |TAMS 0x000000070ca00000, 0x000000070ca00000| Untracked 
|  65|0x000000070cc00000, 0x000000070cc00000, 0x000000070ce00000|  0%| F|  |TAMS 0x000000070cc00000, 0x000000070cc00000| Untracked 
|  66|0x000000070ce00000, 0x000000070ce00000, 0x000000070d000000|  0%| F|  |TAMS 0x000000070ce00000, 0x000000070ce00000| Untracked 
|  67|0x000000070d000000, 0x000000070d000000, 0x000000070d200000|  0%| F|  |TAMS 0x000000070d000000, 0x000000070d000000| Untracked 
|  68|0x000000070d200000, 0x000000070d200000, 0x000000070d400000|  0%| F|  |TAMS 0x000000070d200000, 0x000000070d200000| Untracked 
|  69|0x000000070d400000, 0x000000070d400000, 0x000000070d600000|  0%| F|  |TAMS 0x000000070d400000, 0x000000070d400000| Untracked 
|  70|0x000000070d600000, 0x000000070d600000, 0x000000070d800000|  0%| F|  |TAMS 0x000000070d600000, 0x000000070d600000| Untracked 
|  71|0x000000070d800000, 0x000000070d800000, 0x000000070da00000|  0%| F|  |TAMS 0x000000070d800000, 0x000000070d800000| Untracked 
|  72|0x000000070da00000, 0x000000070da00000, 0x000000070dc00000|  0%| F|  |TAMS 0x000000070da00000, 0x000000070da00000| Untracked 
|  73|0x000000070dc00000, 0x000000070dc00000, 0x000000070de00000|  0%| F|  |TAMS 0x000000070dc00000, 0x000000070dc00000| Untracked 
|  74|0x000000070de00000, 0x000000070de00000, 0x000000070e000000|  0%| F|  |TAMS 0x000000070de00000, 0x000000070de00000| Untracked 
|  75|0x000000070e000000, 0x000000070e000000, 0x000000070e200000|  0%| F|  |TAMS 0x000000070e000000, 0x000000070e000000| Untracked 
|  76|0x000000070e200000, 0x000000070e200000, 0x000000070e400000|  0%| F|  |TAMS 0x000000070e200000, 0x000000070e200000| Untracked 
|  77|0x000000070e400000, 0x000000070e400000, 0x000000070e600000|  0%| F|  |TAMS 0x000000070e400000, 0x000000070e400000| Untracked 
|  78|0x000000070e600000, 0x000000070e600000, 0x000000070e800000|  0%| F|  |TAMS 0x000000070e600000, 0x000000070e600000| Untracked 
|  79|0x000000070e800000, 0x000000070e800000, 0x000000070ea00000|  0%| F|  |TAMS 0x000000070e800000, 0x000000070e800000| Untracked 
|  80|0x000000070ea00000, 0x000000070ea00000, 0x000000070ec00000|  0%| F|  |TAMS 0x000000070ea00000, 0x000000070ea00000| Untracked 
|  81|0x000000070ec00000, 0x000000070ec00000, 0x000000070ee00000|  0%| F|  |TAMS 0x000000070ec00000, 0x000000070ec00000| Untracked 
|  82|0x000000070ee00000, 0x000000070ee00000, 0x000000070f000000|  0%| F|  |TAMS 0x000000070ee00000, 0x000000070ee00000| Untracked 
|  83|0x000000070f000000, 0x000000070f000000, 0x000000070f200000|  0%| F|  |TAMS 0x000000070f000000, 0x000000070f000000| Untracked 
|  84|0x000000070f200000, 0x000000070f200000, 0x000000070f400000|  0%| F|  |TAMS 0x000000070f200000, 0x000000070f200000| Untracked 
|  85|0x000000070f400000, 0x000000070f400000, 0x000000070f600000|  0%| F|  |TAMS 0x000000070f400000, 0x000000070f400000| Untracked 
|  86|0x000000070f600000, 0x000000070f600000, 0x000000070f800000|  0%| F|  |TAMS 0x000000070f600000, 0x000000070f600000| Untracked 
|  87|0x000000070f800000, 0x000000070f800000, 0x000000070fa00000|  0%| F|  |TAMS 0x000000070f800000, 0x000000070f800000| Untracked 
|  88|0x000000070fa00000, 0x000000070fa00000, 0x000000070fc00000|  0%| F|  |TAMS 0x000000070fa00000, 0x000000070fa00000| Untracked 
|  89|0x000000070fc00000, 0x000000070fc00000, 0x000000070fe00000|  0%| F|  |TAMS 0x000000070fc00000, 0x000000070fc00000| Untracked 
|  90|0x000000070fe00000, 0x000000070fe00000, 0x0000000710000000|  0%| F|  |TAMS 0x000000070fe00000, 0x000000070fe00000| Untracked 
|  91|0x0000000710000000, 0x0000000710000000, 0x0000000710200000|  0%| F|  |TAMS 0x0000000710000000, 0x0000000710000000| Untracked 
|  92|0x0000000710200000, 0x0000000710200000, 0x0000000710400000|  0%| F|  |TAMS 0x0000000710200000, 0x0000000710200000| Untracked 
|  93|0x0000000710400000, 0x0000000710400000, 0x0000000710600000|  0%| F|  |TAMS 0x0000000710400000, 0x0000000710400000| Untracked 
|  94|0x0000000710600000, 0x0000000710600000, 0x0000000710800000|  0%| F|  |TAMS 0x0000000710600000, 0x0000000710600000| Untracked 
|  95|0x0000000710800000, 0x0000000710800000, 0x0000000710a00000|  0%| F|  |TAMS 0x0000000710800000, 0x0000000710800000| Untracked 
|  96|0x0000000710a00000, 0x0000000710a00000, 0x0000000710c00000|  0%| F|  |TAMS 0x0000000710a00000, 0x0000000710a00000| Untracked 
|  97|0x0000000710c00000, 0x0000000710c00000, 0x0000000710e00000|  0%| F|  |TAMS 0x0000000710c00000, 0x0000000710c00000| Untracked 
|  98|0x0000000710e00000, 0x0000000710e00000, 0x0000000711000000|  0%| F|  |TAMS 0x0000000710e00000, 0x0000000710e00000| Untracked 
|  99|0x0000000711000000, 0x0000000711000000, 0x0000000711200000|  0%| F|  |TAMS 0x0000000711000000, 0x0000000711000000| Untracked 
| 100|0x0000000711200000, 0x0000000711200000, 0x0000000711400000|  0%| F|  |TAMS 0x0000000711200000, 0x0000000711200000| Untracked 
| 101|0x0000000711400000, 0x0000000711400000, 0x0000000711600000|  0%| F|  |TAMS 0x0000000711400000, 0x0000000711400000| Untracked 
| 102|0x0000000711600000, 0x0000000711600000, 0x0000000711800000|  0%| F|  |TAMS 0x0000000711600000, 0x0000000711600000| Untracked 
| 103|0x0000000711800000, 0x0000000711800000, 0x0000000711a00000|  0%| F|  |TAMS 0x0000000711800000, 0x0000000711800000| Untracked 
| 104|0x0000000711a00000, 0x0000000711a00000, 0x0000000711c00000|  0%| F|  |TAMS 0x0000000711a00000, 0x0000000711a00000| Untracked 
| 105|0x0000000711c00000, 0x0000000711c00000, 0x0000000711e00000|  0%| F|  |TAMS 0x0000000711c00000, 0x0000000711c00000| Untracked 
| 106|0x0000000711e00000, 0x0000000711e00000, 0x0000000712000000|  0%| F|  |TAMS 0x0000000711e00000, 0x0000000711e00000| Untracked 
| 107|0x0000000712000000, 0x0000000712000000, 0x0000000712200000|  0%| F|  |TAMS 0x0000000712000000, 0x0000000712000000| Untracked 
| 108|0x0000000712200000, 0x0000000712200000, 0x0000000712400000|  0%| F|  |TAMS 0x0000000712200000, 0x0000000712200000| Untracked 
| 109|0x0000000712400000, 0x0000000712400000, 0x0000000712600000|  0%| F|  |TAMS 0x0000000712400000, 0x0000000712400000| Untracked 
| 110|0x0000000712600000, 0x0000000712600000, 0x0000000712800000|  0%| F|  |TAMS 0x0000000712600000, 0x0000000712600000| Untracked 
| 111|0x0000000712800000, 0x0000000712800000, 0x0000000712a00000|  0%| F|  |TAMS 0x0000000712800000, 0x0000000712800000| Untracked 
| 112|0x0000000712a00000, 0x0000000712a00000, 0x0000000712c00000|  0%| F|  |TAMS 0x0000000712a00000, 0x0000000712a00000| Untracked 
| 113|0x0000000712c00000, 0x0000000712c00000, 0x0000000712e00000|  0%| F|  |TAMS 0x0000000712c00000, 0x0000000712c00000| Untracked 
| 114|0x0000000712e00000, 0x0000000712e00000, 0x0000000713000000|  0%| F|  |TAMS 0x0000000712e00000, 0x0000000712e00000| Untracked 
| 115|0x0000000713000000, 0x0000000713000000, 0x0000000713200000|  0%| F|  |TAMS 0x0000000713000000, 0x0000000713000000| Untracked 
| 116|0x0000000713200000, 0x0000000713200000, 0x0000000713400000|  0%| F|  |TAMS 0x0000000713200000, 0x0000000713200000| Untracked 
| 117|0x0000000713400000, 0x0000000713400000, 0x0000000713600000|  0%| F|  |TAMS 0x0000000713400000, 0x0000000713400000| Untracked 
| 118|0x0000000713600000, 0x0000000713600000, 0x0000000713800000|  0%| F|  |TAMS 0x0000000713600000, 0x0000000713600000| Untracked 
| 119|0x0000000713800000, 0x0000000713800000, 0x0000000713a00000|  0%| F|  |TAMS 0x0000000713800000, 0x0000000713800000| Untracked 
| 120|0x0000000713a00000, 0x0000000713aecdf0, 0x0000000713c00000| 46%| S|CS|TAMS 0x0000000713a00000, 0x0000000713a00000| Complete 
| 121|0x0000000713c00000, 0x0000000713c00000, 0x0000000713e00000|  0%| F|  |TAMS 0x0000000713c00000, 0x0000000713c00000| Untracked 
| 122|0x0000000713e00000, 0x0000000713e00000, 0x0000000714000000|  0%| F|  |TAMS 0x0000000713e00000, 0x0000000713e00000| Untracked 
| 123|0x0000000714000000, 0x000000071415b5d0, 0x0000000714200000| 67%| E|  |TAMS 0x0000000714000000, 0x0000000714000000| Complete 
| 124|0x0000000714200000, 0x0000000714400000, 0x0000000714400000|100%| E|CS|TAMS 0x0000000714200000, 0x0000000714200000| Complete 
| 125|0x0000000714400000, 0x0000000714600000, 0x0000000714600000|100%| E|CS|TAMS 0x0000000714400000, 0x0000000714400000| Complete 

Card table byte_map: [0x000001ae4a510000,0x000001ae4acf0000] _byte_map_base: 0x000001ae46ceb000

Marking Bits (Prev, Next): (CMBitMap*) 0x000001ae3f03a1c0, (CMBitMap*) 0x000001ae3f03a200
 Prev Bits: [0x000001ae4b4d0000, 0x000001ae4f3a8000)
 Next Bits: [0x000001ae4f3b0000, 0x000001ae53288000)

Polling page: 0x000001ae3d700000

Metaspace:

Usage:
  Non-class:      7.24 MB used.
      Class:      1.06 MB used.
       Both:      8.30 MB used.

Virtual space:
  Non-class space:       64.00 MB reserved,       7.31 MB ( 11%) committed,  1 nodes.
      Class space:        1.00 GB reserved,       1.12 MB ( <1%) committed,  1 nodes.
             Both:        1.06 GB reserved,       8.44 MB ( <1%) committed. 

Chunk freelists:
   Non-Class:  8.36 MB
       Class:  14.81 MB
        Both:  23.17 MB

MaxMetaspaceSize: unlimited
CompressedClassSpaceSize: 1.00 GB
Initial GC threshold: 21.00 MB
Current GC threshold: 21.00 MB
CDS: on
MetaspaceReclaimPolicy: balanced
 - commit_granule_bytes: 65536.
 - commit_granule_words: 8192.
 - virtual_space_node_default_size: 8388608.
 - enlarge_chunks_in_place: 1.
 - new_chunks_are_fully_committed: 0.
 - uncommit_free_chunks: 1.
 - use_allocation_guard: 0.
 - handle_deallocations: 1.


Internal statistics:

num_allocs_failed_limit: 0.
num_arena_births: 138.
num_arena_deaths: 0.
num_vsnodes_births: 2.
num_vsnodes_deaths: 0.
num_space_committed: 135.
num_space_uncommitted: 0.
num_chunks_returned_to_freelist: 0.
num_chunks_taken_from_freelist: 294.
num_chunk_merges: 0.
num_chunk_splits: 193.
num_chunks_enlarged: 134.
num_inconsistent_stats: 0.

CodeCache: size=49152Kb used=4305Kb max_used=4305Kb free=44846Kb
 bounds [0x000001ae468e0000, 0x000001ae46d20000, 0x000001ae498e0000]
 total_blobs=1841 nmethods=1387 adapters=380
 compilation: enabled
              stopped_count=0, restarted_count=0
 full_count=0

Compilation events (20 events):
Event: 1.205 Thread 0x000001ae558c1970 1377       1       java.lang.invoke.VarHandleGuards::guard_LL_V (125 bytes)
Event: 1.205 Thread 0x000001ae55896af0 1378       1       java.lang.invoke.VarHandleReferences$FieldInstanceReadWrite::set (35 bytes)
Event: 1.205 Thread 0x000001ae558965d0 1379       1       java.util.concurrent.ConcurrentLinkedDeque$Node::<init> (5 bytes)
Event: 1.205 Thread 0x000001ae558965d0 nmethod 1379 0x000001ae46d0fd90 code [0x000001ae46d0ff20, 0x000001ae46d0ffd8]
Event: 1.205 Thread 0x000001ae558965d0 1380       1       org.springframework.util.ConcurrentReferenceHashMap::clear (32 bytes)
Event: 1.205 Thread 0x000001ae558965d0 nmethod 1380 0x000001ae46d10090 code [0x000001ae46d10220, 0x000001ae46d10368]
Event: 1.206 Thread 0x000001ae55896af0 nmethod 1378 0x000001ae46d10490 code [0x000001ae46d10680, 0x000001ae46d10aa8]
Event: 1.207 Thread 0x000001ae558c1970 nmethod 1377 0x000001ae46d10f90 code [0x000001ae46d112a0, 0x000001ae46d12338]
Event: 1.209 Thread 0x000001ae558c1970 1382       1       org.springframework.core.ResolvableType$DefaultVariableResolver::getSource (5 bytes)
Event: 1.209 Thread 0x000001ae558c1970 nmethod 1382 0x000001ae46d12c10 code [0x000001ae46d12da0, 0x000001ae46d12e78]
Event: 1.209 Thread 0x000001ae558965d0 1383       1       sun.reflect.generics.reflectiveObjects.ParameterizedTypeImpl::getRawType (5 bytes)
Event: 1.209 Thread 0x000001ae558965d0 nmethod 1383 0x000001ae46d12f10 code [0x000001ae46d130a0, 0x000001ae46d13178]
Event: 1.229 Thread 0x000001ae55896af0 1384       1       ch.qos.logback.classic.Logger::getName (5 bytes)
Event: 1.230 Thread 0x000001ae55896af0 nmethod 1384 0x000001ae46d13210 code [0x000001ae46d133a0, 0x000001ae46d13478]
Event: 1.240 Thread 0x000001ae55896af0 1385       1       java.net.InetAddress::holder (5 bytes)
Event: 1.240 Thread 0x000001ae55896af0 nmethod 1385 0x000001ae46d13510 code [0x000001ae46d136a0, 0x000001ae46d13778]
Event: 1.241 Thread 0x000001ae558965d0 1387       1       java.lang.invoke.LambdaForm::useCount (61 bytes)
Event: 1.241 Thread 0x000001ae55896af0 1386       1       java.lang.invoke.InvokerBytecodeGenerator::emitReferenceCast (188 bytes)
Event: 1.241 Thread 0x000001ae558965d0 nmethod 1387 0x000001ae46d13810 code [0x000001ae46d139c0, 0x000001ae46d13b68]
Event: 1.242 Thread 0x000001ae55896af0 nmethod 1386 0x000001ae46d13c90 code [0x000001ae46d13f00, 0x000001ae46d14498]

GC Heap History (4 events):
Event: 0.482 GC heap before
{Heap before GC invocations=0 (full 0):
 garbage-first heap   total 258048K, used 12288K [0x0000000704a00000, 0x0000000800000000)
  region size 2048K, 6 young (12288K), 0 survivors (0K)
 Metaspace       used 5432K, committed 5632K, reserved 1114112K
  class space    used 656K, committed 768K, reserved 1048576K
}
Event: 0.486 GC heap after
{Heap after GC invocations=1 (full 0):
 garbage-first heap   total 258048K, used 4456K [0x0000000704a00000, 0x0000000800000000)
  region size 2048K, 1 young (2048K), 1 survivors (2048K)
 Metaspace       used 5432K, committed 5632K, reserved 1114112K
  class space    used 656K, committed 768K, reserved 1048576K
}
Event: 0.910 GC heap before
{Heap before GC invocations=1 (full 0):
 garbage-first heap   total 258048K, used 14696K [0x0000000704a00000, 0x0000000800000000)
  region size 2048K, 6 young (12288K), 1 survivors (2048K)
 Metaspace       used 7225K, committed 7424K, reserved 1114112K
  class space    used 918K, committed 1024K, reserved 1048576K
}
Event: 0.913 GC heap after
{Heap after GC invocations=2 (full 0):
 garbage-first heap   total 258048K, used 5387K [0x0000000704a00000, 0x0000000800000000)
  region size 2048K, 1 young (2048K), 1 survivors (2048K)
 Metaspace       used 7225K, committed 7424K, reserved 1114112K
  class space    used 918K, committed 1024K, reserved 1048576K
}

Deoptimization events (0 events):
No events

Classes unloaded (0 events):
No events

Classes redefined (0 events):
No events

Internal exceptions (20 events):
Event: 0.276 Thread 0x000001ae3efcf770 Exception <a 'java/lang/NoSuchMethodError'{0x0000000713f56670}: 'void java.lang.invoke.DirectMethodHandle$Holder.invokeStatic(java.lang.Object, java.lang.Object, java.lang.Object)'> (0x0000000713f56670) 
thrown [s\open\src\hotspot\share\interpreter\linkResolver.cpp, line 759]
Event: 0.283 Thread 0x000001ae3efcf770 Exception <a 'java/lang/NoSuchMethodError'{0x0000000713f932e0}: 'int java.lang.invoke.DirectMethodHandle$Holder.invokeSpecialIFC(java.lang.Object, java.lang.Object, java.lang.Object)'> (0x0000000713f932e0) 
thrown [s\open\src\hotspot\share\interpreter\linkResolver.cpp, line 759]
Event: 0.301 Thread 0x000001ae3efcf770 Exception <a 'java/lang/NoSuchMethodError'{0x0000000713c09c20}: 'java.lang.Object java.lang.invoke.DirectMethodHandle$Holder.invokeStaticInit(java.lang.Object, int, int, int, int)'> (0x0000000713c09c20) 
thrown [s\open\src\hotspot\share\interpreter\linkResolver.cpp, line 759]
Event: 0.385 Thread 0x000001ae3efcf770 Exception <a 'java/lang/NoSuchMethodError'{0x0000000713c9c1a0}: 'java.lang.Object java.lang.invoke.DirectMethodHandle$Holder.invokeStaticInit(java.lang.Object, java.lang.Object, int, int, int, int)'> (0x0000000713c9c1a0) 
thrown [s\open\src\hotspot\share\interpreter\linkResolver.cpp, line 759]
Event: 0.395 Thread 0x000001ae3efcf770 Exception <a 'java/lang/ClassNotFoundException'{0x0000000713cba788}: javax/management/remote/rmi/RMIServerImpl_Skel> (0x0000000713cba788) 
thrown [s\open\src\hotspot\share\classfile\systemDictionary.cpp, line 256]
Event: 0.454 Thread 0x000001ae3efcf770 Exception <a 'java/lang/ClassNotFoundException'{0x0000000713b1d448}: javax/smartcardio/CardPermission> (0x0000000713b1d448) 
thrown [s\open\src\hotspot\share\classfile\systemDictionary.cpp, line 256]
Event: 0.457 Thread 0x000001ae3efcf770 Exception <a 'java/io/FileNotFoundException'{0x0000000713b2b9b0}> (0x0000000713b2b9b0) 
thrown [s\open\src\hotspot\share\prims\jni.cpp, line 516]
Event: 0.467 Thread 0x000001ae3efcf770 Exception <a 'java/lang/NoSuchMethodError'{0x0000000713b8b170}: 'java.lang.Object java.lang.invoke.DirectMethodHandle$Holder.invokeSpecial(java.lang.Object, java.lang.Object, java.lang.Object, long, java.lang.Object)'> (0x0000000713b8b170) 
thrown [s\open\src\hotspot\share\interpreter\linkResolver.cpp, line 759]
Event: 0.468 Thread 0x000001ae3efcf770 Exception <a 'java/lang/NoSuchMethodError'{0x0000000713b8ed60}: 'java.lang.Object java.lang.invoke.Invokers$Holder.linkToTargetMethod(java.lang.Object, long, java.lang.Object, java.lang.Object)'> (0x0000000713b8ed60) 
thrown [s\open\src\hotspot\share\interpreter\linkResolver.cpp, line 759]
Event: 0.517 Thread 0x000001ae3efcf770 Exception <a 'java/lang/NoSuchMethodError'{0x0000000714582ee8}: 'void java.lang.invoke.DirectMethodHandle$Holder.invokeStatic(java.lang.Object, java.lang.Object, java.lang.Object, java.lang.Object)'> (0x0000000714582ee8) 
thrown [s\open\src\hotspot\share\interpreter\linkResolver.cpp, line 759]
Event: 0.539 Thread 0x000001ae3efcf770 Exception <a 'java/lang/NoSuchMethodError'{0x00000007142ec550}: 'int java.lang.invoke.DirectMethodHandle$Holder.invokeStaticInit(java.lang.Object, java.lang.Object)'> (0x00000007142ec550) 
thrown [s\open\src\hotspot\share\interpreter\linkResolver.cpp, line 759]
Event: 0.545 Thread 0x000001ae3efcf770 Exception <a 'java/lang/NoSuchMethodError'{0x000000071433db38}: 'void java.lang.invoke.DirectMethodHandle$Holder.invokeInterface(java.lang.Object, java.lang.Object, java.lang.Object, java.lang.Object)'> (0x000000071433db38) 
thrown [s\open\src\hotspot\share\interpreter\linkResolver.cpp, line 759]
Event: 0.578 Thread 0x000001ae3efcf770 Exception <a 'java/lang/NoSuchMethodError'{0x000000071410ca58}: 'java.lang.Object java.lang.invoke.DirectMethodHandle$Holder.invokeInterface(java.lang.Object, java.lang.Object)'> (0x000000071410ca58) 
thrown [s\open\src\hotspot\share\interpreter\linkResolver.cpp, line 759]
Event: 0.584 Thread 0x000001ae3efcf770 Exception <a 'java/lang/NoSuchMethodError'{0x0000000714160790}: 'java.lang.Object java.lang.invoke.DirectMethodHandle$Holder.invokeSpecialIFC(java.lang.Object, java.lang.Object, java.lang.Object, java.lang.Object)'> (0x0000000714160790) 
thrown [s\open\src\hotspot\share\interpreter\linkResolver.cpp, line 759]
Event: 0.586 Thread 0x000001ae3efcf770 Exception <a 'java/lang/NoSuchMethodError'{0x0000000714183fb8}: 'java.lang.Object java.lang.invoke.DirectMethodHandle$Holder.invokeInterface(java.lang.Object, java.lang.Object, java.lang.Object)'> (0x0000000714183fb8) 
thrown [s\open\src\hotspot\share\interpreter\linkResolver.cpp, line 759]
Event: 0.896 Thread 0x000001ae55ac1ff0 Exception <a 'java/lang/NoSuchMethodError'{0x0000000713d57908}: 'int java.lang.invoke.DirectMethodHandle$Holder.invokeStaticInit(java.lang.Object, java.lang.Object, java.lang.Object)'> (0x0000000713d57908) 
thrown [s\open\src\hotspot\share\interpreter\linkResolver.cpp, line 759]
Event: 0.906 Thread 0x000001ae55ac1ff0 Exception <a 'java/lang/NoSuchMethodError'{0x0000000713dbbba8}: 'java.lang.Object java.lang.invoke.DirectMethodHandle$Holder.newInvokeSpecial(java.lang.Object, java.lang.Object, java.lang.Object, java.lang.Object, java.lang.Object)'> (0x0000000713dbbba8) 
thrown [s\open\src\hotspot\share\interpreter\linkResolver.cpp, line 759]
Event: 0.914 Thread 0x000001ae55ac1ff0 Exception <a 'java/lang/NoSuchMethodError'{0x000000071440d920}: 'java.lang.Object java.lang.invoke.DirectMethodHandle$Holder.invokeStaticInit(java.lang.Object, java.lang.Object, java.lang.Object)'> (0x000000071440d920) 
thrown [s\open\src\hotspot\share\interpreter\linkResolver.cpp, line 759]
Event: 0.928 Thread 0x000001ae55ac1ff0 Exception <a 'java/lang/IncompatibleClassChangeError'{0x00000007144d5558}: Found class java.lang.Object, but interface was expected> (0x00000007144d5558) 
thrown [s\open\src\hotspot\share\interpreter\linkResolver.cpp, line 826]
Event: 0.940 Thread 0x000001ae55ac1ff0 Exception <a 'sun/nio/fs/WindowsException'{0x0000000714560f08}> (0x0000000714560f08) 
thrown [s\open\src\hotspot\share\prims\jni.cpp, line 516]

VM Operations (16 events):
Event: 0.124 Executing VM operation: HandshakeAllThreads
Event: 0.124 Executing VM operation: HandshakeAllThreads done
Event: 0.178 Executing VM operation: HandshakeAllThreads
Event: 0.178 Executing VM operation: HandshakeAllThreads done
Event: 0.293 Executing VM operation: HandshakeAllThreads
Event: 0.293 Executing VM operation: HandshakeAllThreads done
Event: 0.395 Executing VM operation: HandshakeAllThreads
Event: 0.395 Executing VM operation: HandshakeAllThreads done
Event: 0.434 Executing VM operation: HandshakeAllThreads
Event: 0.434 Executing VM operation: HandshakeAllThreads done
Event: 0.482 Executing VM operation: G1CollectForAllocation
Event: 0.486 Executing VM operation: G1CollectForAllocation done
Event: 0.910 Executing VM operation: G1CollectForAllocation
Event: 0.913 Executing VM operation: G1CollectForAllocation done
Event: 0.941 Executing VM operation: HandshakeAllThreads
Event: 0.941 Executing VM operation: HandshakeAllThreads done

Events (20 events):
Event: 1.197 loading class java/time/Year done
Event: 1.199 loading class java/time/Month
Event: 1.199 loading class java/time/Month done
Event: 1.201 loading class java/time/YearMonth
Event: 1.201 loading class java/time/YearMonth done
Event: 1.202 loading class java/time/MonthDay
Event: 1.202 loading class java/time/MonthDay done
Event: 1.208 loading class sun/reflect/generics/tree/CharSignature
Event: 1.208 loading class sun/reflect/generics/tree/CharSignature done
Event: 1.208 loading class sun/reflect/generics/tree/ArrayTypeSignature
Event: 1.208 loading class sun/reflect/generics/tree/ArrayTypeSignature done
Event: 1.210 loading class java/net/UnknownHostException
Event: 1.210 loading class java/net/UnknownHostException done
Event: 1.225 loading class sun/reflect/generics/tree/ByteSignature
Event: 1.225 loading class sun/reflect/generics/tree/ByteSignature done
Event: 1.240 loading class sun/rmi/transport/tcp/TCPTransport$ConnectionHandler
Event: 1.240 loading class sun/rmi/transport/tcp/TCPTransport$ConnectionHandler done
Event: 1.240 loading class java/util/concurrent/ThreadPoolExecutor$Worker
Event: 1.240 loading class java/util/concurrent/ThreadPoolExecutor$Worker done
Event: 1.240 Thread 0x000001ae55ac4360 Thread added: 0x000001ae55ac4360


Dynamic libraries:
0x00007ff629c40000 - 0x00007ff629c50000 	C:\Program Files\Java\jdk-17\bin\java.exe
0x00007ff8bc320000 - 0x00007ff8bc588000 	C:\WINDOWS\SYSTEM32\ntdll.dll
0x00007ff8bb370000 - 0x00007ff8bb439000 	C:\WINDOWS\System32\KERNEL32.DLL
0x00007ff8b9960000 - 0x00007ff8b9d52000 	C:\WINDOWS\System32\KERNELBASE.dll
0x00007ff8b9610000 - 0x00007ff8b975b000 	C:\WINDOWS\System32\ucrtbase.dll
0x00007ff8b2cf0000 - 0x00007ff8b2d09000 	C:\Program Files\Java\jdk-17\bin\jli.dll
0x00007ff8ba200000 - 0x00007ff8ba2b4000 	C:\WINDOWS\System32\ADVAPI32.dll
0x00007ff8bb2c0000 - 0x00007ff8bb369000 	C:\WINDOWS\System32\msvcrt.dll
0x00007ff8bad80000 - 0x00007ff8bae26000 	C:\WINDOWS\System32\sechost.dll
0x00007ff8ba2c0000 - 0x00007ff8ba3d8000 	C:\WINDOWS\System32\RPCRT4.dll
0x00007ff8bb4f0000 - 0x00007ff8bb6b5000 	C:\WINDOWS\System32\USER32.dll
0x00007ff8ba0c0000 - 0x00007ff8ba0e7000 	C:\WINDOWS\System32\win32u.dll
0x00007ff8bb4c0000 - 0x00007ff8bb4eb000 	C:\WINDOWS\System32\GDI32.dll
0x00007ff8b9e10000 - 0x00007ff8b9f3d000 	C:\WINDOWS\System32\gdi32full.dll
0x00007ff8a25c0000 - 0x00007ff8a25db000 	C:\Program Files\Java\jdk-17\bin\VCRUNTIME140.dll
0x00007ff8b9d60000 - 0x00007ff8b9e03000 	C:\WINDOWS\System32\msvcp_win.dll
0x00007ff89e340000 - 0x00007ff89e5d3000 	C:\WINDOWS\WinSxS\amd64_microsoft.windows.common-controls_6595b64144ccf1df_6.0.26100.6899_none_3e0efeeae32e88c1\COMCTL32.dll
0x00007ff8a49e0000 - 0x00007ff8a49eb000 	C:\WINDOWS\SYSTEM32\VERSION.dll
0x00007ff8babd0000 - 0x00007ff8babff000 	C:\WINDOWS\System32\IMM32.DLL
0x00007ff8b2d30000 - 0x00007ff8b2d3c000 	C:\Program Files\Java\jdk-17\bin\vcruntime140_1.dll
0x00007ff877f90000 - 0x00007ff87801e000 	C:\Program Files\Java\jdk-17\bin\msvcp140.dll
0x00007ff858aa0000 - 0x00007ff859680000 	C:\Program Files\Java\jdk-17\bin\server\jvm.dll
0x00007ff8bc270000 - 0x00007ff8bc278000 	C:\WINDOWS\System32\PSAPI.DLL
0x00007ff8b0bb0000 - 0x00007ff8b0be5000 	C:\WINDOWS\SYSTEM32\WINMM.dll
0x00007ff899080000 - 0x00007ff89908a000 	C:\WINDOWS\SYSTEM32\WSOCK32.dll
0x00007ff8bb9c0000 - 0x00007ff8bba34000 	C:\WINDOWS\System32\WS2_32.dll
0x00007ff8b8240000 - 0x00007ff8b825b000 	C:\WINDOWS\SYSTEM32\kernel.appcore.dll
0x00007ff8a8450000 - 0x00007ff8a845a000 	C:\Program Files\Java\jdk-17\bin\jimage.dll
0x00007ff8b68e0000 - 0x00007ff8b6b22000 	C:\WINDOWS\SYSTEM32\DBGHELP.DLL
0x00007ff8ba740000 - 0x00007ff8baabb000 	C:\WINDOWS\System32\combase.dll
0x00007ff8ba120000 - 0x00007ff8ba1f7000 	C:\WINDOWS\System32\OLEAUT32.dll
0x00007ff8a3cd0000 - 0x00007ff8a3d0c000 	C:\WINDOWS\SYSTEM32\dbgcore.DLL
0x00007ff8b9570000 - 0x00007ff8b9608000 	C:\WINDOWS\System32\bcryptPrimitives.dll
0x00007ff8b4c90000 - 0x00007ff8b4c9e000 	C:\Program Files\Java\jdk-17\bin\instrument.dll
0x00007ff88e500000 - 0x00007ff88e525000 	C:\Program Files\Java\jdk-17\bin\java.dll
0x00007ff873d60000 - 0x00007ff873e37000 	C:\Program Files\Java\jdk-17\bin\jsvml.dll
0x00007ff8bba90000 - 0x00007ff8bc1dd000 	C:\WINDOWS\System32\SHELL32.dll
0x00007ff8b9760000 - 0x00007ff8b98cb000 	C:\WINDOWS\System32\wintypes.dll
0x00007ff8b70c0000 - 0x00007ff8b791d000 	C:\WINDOWS\SYSTEM32\windows.storage.dll
0x00007ff8baac0000 - 0x00007ff8babb2000 	C:\WINDOWS\System32\SHCORE.dll
0x00007ff8bac10000 - 0x00007ff8bac72000 	C:\WINDOWS\System32\shlwapi.dll
0x00007ff8b93d0000 - 0x00007ff8b93f9000 	C:\WINDOWS\SYSTEM32\profapi.dll
0x00007ff8a22e0000 - 0x00007ff8a22f8000 	C:\Program Files\Java\jdk-17\bin\zip.dll
0x00007ff8a2290000 - 0x00007ff8a22a9000 	C:\Program Files\Java\jdk-17\bin\net.dll
0x00007ff8abd20000 - 0x00007ff8abe3f000 	C:\WINDOWS\SYSTEM32\WINHTTP.dll
0x00007ff8b8790000 - 0x00007ff8b87fb000 	C:\WINDOWS\system32\mswsock.dll
0x00007ff8a18c0000 - 0x00007ff8a18d6000 	C:\Program Files\Java\jdk-17\bin\nio.dll
0x00007ff8b7dd0000 - 0x00007ff8b7ef6000 	C:\WINDOWS\SYSTEM32\DNSAPI.dll
0x00007ff8b7d90000 - 0x00007ff8b7dc4000 	C:\WINDOWS\SYSTEM32\IPHLPAPI.DLL
0x00007ff8babc0000 - 0x00007ff8babca000 	C:\WINDOWS\System32\NSI.dll
0x00007ff8ab830000 - 0x00007ff8ab83b000 	C:\Windows\System32\rasadhlp.dll
0x00007ff8b0440000 - 0x00007ff8b04c6000 	C:\WINDOWS\System32\fwpuclnt.dll
0x00007ff8a1820000 - 0x00007ff8a182a000 	C:\Program Files\Java\jdk-17\bin\management.dll
0x00007ff8a0a90000 - 0x00007ff8a0a9b000 	C:\Program Files\Java\jdk-17\bin\management_ext.dll
0x00007ff8b8b70000 - 0x00007ff8b8b8b000 	C:\WINDOWS\SYSTEM32\CRYPTSP.dll
0x00007ff8b81a0000 - 0x00007ff8b81db000 	C:\WINDOWS\system32\rsaenh.dll
0x00007ff8b8830000 - 0x00007ff8b885b000 	C:\WINDOWS\SYSTEM32\USERENV.dll
0x00007ff8b93a0000 - 0x00007ff8b93c6000 	C:\WINDOWS\SYSTEM32\bcrypt.dll
0x00007ff8b89d0000 - 0x00007ff8b89dc000 	C:\WINDOWS\SYSTEM32\CRYPTBASE.dll
0x00007ff8abea0000 - 0x00007ff8abebe000 	C:\WINDOWS\SYSTEM32\dhcpcsvc6.DLL
0x00007ff8abe60000 - 0x00007ff8abe83000 	C:\WINDOWS\SYSTEM32\dhcpcsvc.DLL
0x00007ff88e060000 - 0x00007ff88e078000 	C:\WINDOWS\system32\napinsp.dll
0x00007ff88e0a0000 - 0x00007ff88e0b2000 	C:\WINDOWS\System32\winrnr.dll
0x00007ff88e180000 - 0x00007ff88e1a8000 	C:\WINDOWS\system32\nlansp_c.dll
0x00007ff8ab880000 - 0x00007ff8ab896000 	C:\WINDOWS\system32\wshbth.dll

dbghelp: loaded successfully - version: 4.0.5 - missing functions: none
symbol engine: initialized successfully - sym options: 0x614 - pdb path: .;C:\Program Files\Java\jdk-17\bin;C:\WINDOWS\SYSTEM32;C:\WINDOWS\WinSxS\amd64_microsoft.windows.common-controls_6595b64144ccf1df_6.0.26100.6899_none_3e0efeeae32e88c1;C:\Program Files\Java\jdk-17\bin\server

VM Arguments:
jvm_args: -XX:TieredStopAtLevel=1 -Dspring.output.ansi.enabled=always -Dcom.sun.management.jmxremote -Dspring.jmx.enabled=true -Dspring.liveBeansView.mbeanDomain -Dspring.application.admin.enabled=true -Dmanagement.endpoints.jmx.exposure.include=* -javaagent:C:\Program Files\JetBrains\IntelliJ IDEA 2025.2.3\lib\idea_rt.jar=63325 -Dfile.encoding=UTF-8 
java_command: mx.ipn.escom.authservice.AuthServiceApplication
java_class_path (initial): C:\Users\Lenovo\Desktop\8vo\DISTRIBUIDOS\PFinal\auth-service\target\classes;C:\Users\Lenovo\.m2\repository\org\springframework\boot\spring-boot-starter-web\3.2.6\spring-boot-starter-web-3.2.6.jar;C:\Users\Lenovo\.m2\repository\org\springframework\boot\spring-boot-starter\3.2.6\spring-boot-starter-3.2.6.jar;C:\Users\Lenovo\.m2\repository\org\springframework\boot\spring-boot-starter-logging\3.2.6\spring-boot-starter-logging-3.2.6.jar;C:\Users\Lenovo\.m2\repository\ch\qos\logback\logback-classic\1.4.14\logback-classic-1.4.14.jar;C:\Users\Lenovo\.m2\repository\ch\qos\logback\logback-core\1.4.14\logback-core-1.4.14.jar;C:\Users\Lenovo\.m2\repository\org\apache\logging\log4j\log4j-to-slf4j\2.21.1\log4j-to-slf4j-2.21.1.jar;C:\Users\Lenovo\.m2\repository\org\apache\logging\log4j\log4j-api\2.21.1\log4j-api-2.21.1.jar;C:\Users\Lenovo\.m2\repository\org\slf4j\jul-to-slf4j\2.0.13\jul-to-slf4j-2.0.13.jar;C:\Users\Lenovo\.m2\repository\jakarta\annotation\jakarta.annotation-api\2.1.1\jakarta.annotation-api-2.1.1.jar;C:\Users\Lenovo\.m2\repository\org\yaml\snakeyaml\2.2\snakeyaml-2.2.jar;C:\Users\Lenovo\.m2\repository\org\springframework\boot\spring-boot-starter-json\3.2.6\spring-boot-starter-json-3.2.6.jar;C:\Users\Lenovo\.m2\repository\com\fasterxml\jackson\datatype\jackson-datatype-jdk8\2.15.4\jackson-datatype-jdk8-2.15.4.jar;C:\Users\Lenovo\.m2\repository\com\fasterxml\jackson\datatype\jackson-datatype-jsr310\2.15.4\jackson-datatype-jsr310-2.15.4.jar;C:\Users\Lenovo\.m2\repository\com\fasterxml\jackson\module\jackson-module-parameter-names\2.15.4\jackson-module-parameter-names-2.15.4.jar;C:\Users\Lenovo\.m2\repository\org\springframework\boot\spring-boot-starter-tomcat\3.2.6\spring-boot-starter-tomcat-3.2.6.jar;C:\Users\Lenovo\.m2\repository\org\apache\tomcat\embed\tomcat-embed-core\10.1.24\tomcat-embed-core-10.1.24.jar;C:\Users\Lenovo\.m2\repository\org\apache\tomcat\embed\tomcat-embed-websocket\10.1.24\tomcat-embed-websocket-10.1.24.jar;C:\Users\L
Launcher Type: SUN_STANDARD

[Global flags]
     intx CICompilerCount                          = 3                                         {product} {ergonomic}
     uint ConcGCThreads                            = 1                                         {product} {ergonomic}
     uint G1ConcRefinementThreads                  = 4                                         {product} {ergonomic}
   size_t G1HeapRegionSize                         = 2097152                                   {product} {ergonomic}
    uintx GCDrainStackTargetSize                   = 64                                        {product} {ergonomic}
   size_t InitialHeapSize                          = 264241152                                 {product} {ergonomic}
     bool ManagementServer                         = true                                      {product} {command line}
   size_t MarkStackSize                            = 4194304                                   {product} {ergonomic}
   size_t MaxHeapSize                              = 4217372672                                {product} {ergonomic}
   size_t MaxNewSize                               = 2529165312                                {product} {ergonomic}
   size_t MinHeapDeltaBytes                        = 2097152                                   {product} {ergonomic}
   size_t MinHeapSize                              = 8388608                                   {product} {ergonomic}
    uintx NonProfiledCodeHeapSize                  = 0                                      {pd product} {ergonomic}
     bool ProfileInterpreter                       = false                                  {pd product} {command line}
    uintx ProfiledCodeHeapSize                     = 0                                      {pd product} {ergonomic}
   size_t SoftMaxHeapSize                          = 4217372672                             {manageable} {ergonomic}
     intx TieredStopAtLevel                        = 1                                         {product} {command line}
     bool UseCompressedClassPointers               = true                           {product lp64_product} {ergonomic}
     bool UseCompressedOops                        = true                           {product lp64_product} {ergonomic}
     bool UseG1GC                                  = true                                      {product} {ergonomic}
     bool UseLargePagesIndividualAllocation        = false                                  {pd product} {ergonomic}

Logging:
Log output configuration:
 #0: stdout all=warning uptime,level,tags
 #1: stderr all=off uptime,level,tags

Environment Variables:
JAVA_HOME=C:\Program Files\Java\jdk-17
PATH=C:\Program Files (x86)\VMware\VMware Workstation\bin\;C:\Program Files\Common Files\Oracle\Java\javapath;C:\Program Files (x86)\Common Files\Oracle\Java\java8path;C:\Program Files (x86)\Common Files\Oracle\Java\javapath;C:\WINDOWS\system32;C:\WINDOWS;C:\WINDOWS\System32\Wbem;C:\WINDOWS\System32\WindowsPowerShell\v1.0\;C:\WINDOWS\System32\OpenSSH\;C:\Program Files\dotnet\;C:\Program Files (x86)\IVI Foundation\VISA\WinNT\Bin\;C:\Program Files\IVI Foundation\VISA\Win64\Bin\;C:\Program Files (x86)\National Instruments\Shared\LabVIEW CLI;C:\Program Files (x86)\IVI Foundation\IVI\Bin\;C:\Program Files\IVI Foundation\IVI\Bin\;C:\Program Files (x86)\IVI Foundation\VISA\WinNT\Bin;C:\Program Files\nodejs\;C:\Program Files\Microsoft SQL Server\150\Tools\Binn\;C:\Program Files\Microsoft SQL Server\Client SDK\ODBC\170\Tools\Binn\;C:\Program Files (x86)\Windows Kits\10\Windows Performance Toolkit\;C:\Program Files\Git\cmd;C:\Program Files\PuTTY\;C:\Users\Lenovo\AppData\Local\Programs\Python\Python313\Scripts\;C:\Users\Lenovo\AppData\Local\Programs\Python\Python313\;C:\Users\Lenovo\AppData\Local\Microsoft\WindowsApps;C:\Users\Lenovo\AppData\Local\Programs\Microsoft VS Code\bin;C:\Program Files\Java\jdk-17\bin;C:\MinGW\bin;C:\intelFPGA\18.1\modelsim_ase\win32aloem;C:\Users\Lenovo\AppData\Roaming\npm;C:\Users\Lenovo\.dotnet\tools;C:\Program Files\JetBrains\IntelliJ IDEA Community Edition 2025.1.3\bin;;C:\Users\Lenovo\AppData\Local\JetBrains\PyCharm Community Edition 2025.1.3.1\bin;;C:\Program Files\MySQL\MySQL Server 8.0\bin;C:\Program Files\JetBrains\IntelliJ IDEA 2025.2.3\bin;C:\apache-maven-3.9.11\bin;C:\Users\Lenovo\AppData\Local\Google\Cloud SDK\google-cloud-sdk\bin
USERNAME=Lenovo
OS=Windows_NT
PROCESSOR_IDENTIFIER=Intel64 Family 6 Model 140 Stepping 1, GenuineIntel



---------------  S Y S T E M  ---------------

OS:
 Windows 11 , 64 bit Build 26100 (10.0.26100.6725)
OS uptime: 0 days 9:21 hours
Hyper-V role detected

CPU: total 4 (initial active 4) (4 cores per cpu, 2 threads per core) family 6 model 140 stepping 1 microcode 0x86, cx8, cmov, fxsr, ht, mmx, 3dnowpref, sse, sse2, sse3, ssse3, sse4.1, sse4.2, popcnt, lzcnt, tsc, tscinvbit, avx, avx2, aes, erms, clmul, bmi1, bmi2, adx, avx512f, avx512dq, avx512cd, avx512bw, avx512vl, sha, fma, vzeroupper, avx512_vpopcntdq, avx512_vpclmulqdq, avx512_vaes, avx512_vnni, clflush, clflushopt, clwb, avx512_vbmi2, avx512_vbmi, hv

Memory: 4k page, system-wide physical 16082M (1694M free)
TotalPageFile size 21894M (AvailPageFile size 0M)
current process WorkingSet (physical memory assigned to process): 75M, peak: 75M
current process commit charge ("private bytes"): 345M, peak: 345M

vm_info: Java HotSpot(TM) 64-Bit Server VM (17.0.12+8-LTS-286) for windows-amd64 JRE (17.0.12+8-LTS-286), built on Jun  5 2024 06:46:59 by "mach5one" with MS VC++ 17.6 (VS2022)

END.
